{"numTotalTestSuites":44,"numPassedTestSuites":40,"numFailedTestSuites":4,"numPendingTestSuites":0,"numTotalTests":115,"numPassedTests":111,"numFailedTests":4,"numPendingTests":0,"numTodoTests":0,"snapshot":{"added":0,"failure":false,"filesAdded":0,"filesRemoved":0,"filesRemovedList":[],"filesUnmatched":0,"filesUpdated":0,"matched":0,"total":0,"unchecked":0,"uncheckedKeysByFile":[],"unmatched":0,"updated":0,"didUpdate":false},"startTime":1766754271898,"success":false,"testResults":[{"assertionResults":[{"ancestorTitles":["Headhunter App"],"fullName":"Headhunter App renders the login screen when not authenticated","status":"passed","title":"renders the login screen when not authenticated","duration":90.61700800000017,"failureMessages":[],"meta":{}}],"startTime":1766754377885,"endTime":1766754377975.617,"status":"passed","message":"","name":"/app/src/App.test.jsx"},{"assertionResults":[{"ancestorTitles":["InviteUserModal"],"fullName":"InviteUserModal should not render when isOpen is false","status":"passed","title":"should not render when isOpen is false","duration":120.6708120000003,"failureMessages":[],"meta":{}},{"ancestorTitles":["InviteUserModal"],"fullName":"InviteUserModal should render form fields when open","status":"passed","title":"should render form fields when open","duration":492.2586619999993,"failureMessages":[],"meta":{}},{"ancestorTitles":["InviteUserModal"],"fullName":"InviteUserModal should call API and success callback on valid submission","status":"passed","title":"should call API and success callback on valid submission","duration":782.6940020000002,"failureMessages":[],"meta":{}},{"ancestorTitles":["InviteUserModal"],"fullName":"InviteUserModal should display error message on API failure","status":"passed","title":"should display error message on API failure","duration":611.662112,"failureMessages":[],"meta":{}}],"startTime":1766754347971,"endTime":1766754349978.662,"status":"passed","message":"","name":"/app/src/components/users/InviteUserModal.test.jsx"},{"assertionResults":[{"ancestorTitles":["useHeadhunterData"],"fullName":"useHeadhunterData should NOT fetch jobs if token is missing","status":"passed","title":"should NOT fetch jobs if token is missing","duration":110.9049759999998,"failureMessages":[],"meta":{}},{"ancestorTitles":["useHeadhunterData"],"fullName":"useHeadhunterData should fetch jobs if token is present","status":"passed","title":"should fetch jobs if token is present","duration":193.99379399999998,"failureMessages":[],"meta":{}}],"startTime":1766754373381,"endTime":1766754373685.994,"status":"passed","message":"","name":"/app/src/hooks/__tests__/useHeadhunterData.test.js"},{"assertionResults":[{"ancestorTitles":["Analytics Component"],"fullName":"Analytics Component renders loading state initially","status":"passed","title":"renders loading state initially","duration":300.5780900000009,"failureMessages":[],"meta":{}},{"ancestorTitles":["Analytics Component"],"fullName":"Analytics Component renders dashboard data after loading","status":"passed","title":"renders dashboard data after loading","duration":1678.004817000001,"failureMessages":[],"meta":{}},{"ancestorTitles":["Analytics Component"],"fullName":"Analytics Component fetches data with selected days","status":"passed","title":"fetches data with selected days","duration":2094.585793,"failureMessages":[],"meta":{}},{"ancestorTitles":["Analytics Component"],"fullName":"Analytics Component handles export","status":"passed","title":"handles export","duration":914.2174749999995,"failureMessages":[],"meta":{}}],"startTime":1766754323785,"endTime":1766754328772.2175,"status":"passed","message":"","name":"/app/src/pages/__tests__/Analytics.test.jsx"},{"assertionResults":[{"ancestorTitles":["InterviewerDashboard Component"],"fullName":"InterviewerDashboard Component renders upcoming interviews by default","status":"passed","title":"renders upcoming interviews by default","duration":1011.0926259999997,"failureMessages":[],"meta":{}},{"ancestorTitles":["InterviewerDashboard Component"],"fullName":"InterviewerDashboard Component excludes cancelled interviews from upcoming","status":"passed","title":"excludes cancelled interviews from upcoming","duration":1501.771847,"failureMessages":[],"meta":{}},{"ancestorTitles":["InterviewerDashboard Component"],"fullName":"InterviewerDashboard Component switches to past interviews tab","status":"failed","title":"switches to past interviews tab","duration":788.6216199999999,"failureMessages":["TestingLibraryElementError: Unable to find an element with the text: /Past/. This could be because the text is broken up by multiple elements. In this case, you can provide a function for your text matcher to make your matcher more flexible.\n\nIgnored nodes: comments, script, style\n\u001b[36m<body>\u001b[39m\n  \u001b[36m<div>\u001b[39m\n    \u001b[36m<div\u001b[39m\n      \u001b[33mclass\u001b[39m=\u001b[32m\"flex flex-col h-full bg-white\"\u001b[39m\n    \u001b[36m>\u001b[39m\n      \u001b[36m<div\u001b[39m\n        \u001b[33mclass\u001b[39m=\u001b[32m\"min-h-[4rem] bg-white border-b border-slate-200 px-4 md:px-6 flex flex-wrap items-center justify-between shrink-0 sticky top-0 z-20 gap-4 py-3\"\u001b[39m\n      \u001b[36m>\u001b[39m\n        \u001b[36m<div\u001b[39m\n          \u001b[33mclass\u001b[39m=\u001b[32m\"flex items-center gap-3 md:gap-4\"\u001b[39m\n        \u001b[36m>\u001b[39m\n          \u001b[36m<button\u001b[39m\n            \u001b[33mclass\u001b[39m=\u001b[32m\"md:hidden p-2 -ml-2 text-slate-500 hover:bg-slate-100 rounded-lg transition\"\u001b[39m\n          \u001b[36m>\u001b[39m\n            \u001b[36m<svg\u001b[39m\n              \u001b[33mclass\u001b[39m=\u001b[32m\"lucide lucide-menu \"\u001b[39m\n              \u001b[33mfill\u001b[39m=\u001b[32m\"none\"\u001b[39m\n              \u001b[33mheight\u001b[39m=\u001b[32m\"20\"\u001b[39m\n              \u001b[33mstroke\u001b[39m=\u001b[32m\"currentColor\"\u001b[39m\n              \u001b[33mstroke-linecap\u001b[39m=\u001b[32m\"round\"\u001b[39m\n              \u001b[33mstroke-linejoin\u001b[39m=\u001b[32m\"round\"\u001b[39m\n              \u001b[33mstroke-width\u001b[39m=\u001b[32m\"2\"\u001b[39m\n              \u001b[33mviewBox\u001b[39m=\u001b[32m\"0 0 24 24\"\u001b[39m\n              \u001b[33mwidth\u001b[39m=\u001b[32m\"20\"\u001b[39m\n              \u001b[33mxmlns\u001b[39m=\u001b[32m\"http://www.w3.org/2000/svg\"\u001b[39m\n            \u001b[36m>\u001b[39m\n              \u001b[36m<line\u001b[39m\n                \u001b[33mx1\u001b[39m=\u001b[32m\"4\"\u001b[39m\n                \u001b[33mx2\u001b[39m=\u001b[32m\"20\"\u001b[39m\n                \u001b[33my1\u001b[39m=\u001b[32m\"12\"\u001b[39m\n                \u001b[33my2\u001b[39m=\u001b[32m\"12\"\u001b[39m\n              \u001b[36m/>\u001b[39m\n              \u001b[36m<line\u001b[39m\n                \u001b[33mx1\u001b[39m=\u001b[32m\"4\"\u001b[39m\n                \u001b[33mx2\u001b[39m=\u001b[32m\"20\"\u001b[39m\n                \u001b[33my1\u001b[39m=\u001b[32m\"6\"\u001b[39m\n                \u001b[33my2\u001b[39m=\u001b[32m\"6\"\u001b[39m\n              \u001b[36m/>\u001b[39m\n              \u001b[36m<line\u001b[39m\n                \u001b[33mx1\u001b[39m=\u001b[32m\"4\"\u001b[39m\n                \u001b[33mx2\u001b[39m=\u001b[32m\"20\"\u001b[39m\n                \u001b[33my1\u001b[39m=\u001b[32m\"18\"\u001b[39m\n                \u001b[33my2\u001b[39m=\u001b[32m\"18\"\u001b[39m\n              \u001b[36m/>\u001b[39m\n            \u001b[36m</svg>\u001b[39m\n          \u001b[36m</button>\u001b[39m\n          \u001b[36m<div>\u001b[39m\n            \u001b[36m<div\u001b[39m\n              \u001b[33mclass\u001b[39m=\u001b[32m\"text-lg font-bold text-slate-900 tracking-tight flex flex-wrap items-center gap-2\"\u001b[39m\n            \u001b[36m>\u001b[39m\n              \u001b[36m<svg\u001b[39m\n                \u001b[33mclass\u001b[39m=\u001b[32m\"lucide lucide-calendar text-indigo-600\"\u001b[39m\n                \u001b[33mfill\u001b[39m=\u001b[32m\"none\"\u001b[39m\n                \u001b[33mheight\u001b[39m=\u001b[32m\"20\"\u001b[39m\n                \u001b[33mstroke\u001b[39m=\u001b[32m\"currentColor\"\u001b[39m\n                \u001b[33mstroke-linecap\u001b[39m=\u001b[32m\"round\"\u001b[39m\n                \u001b[33mstroke-linejoin\u001b[39m=\u001b[32m\"round\"\u001b[39m\n                \u001b[33mstroke-width\u001b[39m=\u001b[32m\"2\"\u001b[39m\n                \u001b[33mviewBox\u001b[39m=\u001b[32m\"0 0 24 24\"\u001b[39m\n                \u001b[33mwidth\u001b[39m=\u001b[32m\"20\"\u001b[39m\n                \u001b[33mxmlns\u001b[39m=\u001b[32m\"http://www.w3.org/2000/svg\"\u001b[39m\n              \u001b[36m>\u001b[39m\n                \u001b[36m<rect\u001b[39m\n                  \u001b[33mheight\u001b[39m=\u001b[32m\"18\"\u001b[39m\n                  \u001b[33mrx\u001b[39m=\u001b[32m\"2\"\u001b[39m\n                  \u001b[33mry\u001b[39m=\u001b[32m\"2\"\u001b[39m\n                  \u001b[33mwidth\u001b[39m=\u001b[32m\"18\"\u001b[39m\n                  \u001b[33mx\u001b[39m=\u001b[32m\"3\"\u001b[39m\n                  \u001b[33my\u001b[39m=\u001b[32m\"4\"\u001b[39m\n                \u001b[36m/>\u001b[39m\n                \u001b[36m<line\u001b[39m\n                  \u001b[33mx1\u001b[39m=\u001b[32m\"16\"\u001b[39m\n                  \u001b[33mx2\u001b[39m=\u001b[32m\"16\"\u001b[39m\n                  \u001b[33my1\u001b[39m=\u001b[32m\"2\"\u001b[39m\n                  \u001b[33my2\u001b[39m=\u001b[32m\"6\"\u001b[39m\n                \u001b[36m/>\u001b[39m\n                \u001b[36m<line\u001b[39m\n                  \u001b[33mx1\u001b[39m=\u001b[32m\"8\"\u001b[39m\n                  \u001b[33mx2\u001b[39m=\u001b[32m\"8\"\u001b[39m\n                  \u001b[33my1\u001b[39m=\u001b[32m\"2\"\u001b[39m\n                  \u001b[33my2\u001b[39m=\u001b[32m\"6\"\u001b[39m\n                \u001b[36m/>\u001b[39m\n                \u001b[36m<line\u001b[39m\n                  \u001b[33mx1\u001b[39m=\u001b[32m\"3\"\u001b[39m\n                  \u001b[33mx2\u001b[39m=\u001b[32m\"21\"\u001b[39m\n                  \u001b[33my1\u001b[39m=\u001b[32m\"10\"\u001b[39m\n                  \u001b[33my2\u001b[39m=\u001b[32m\"10\"\u001b[39m\n                \u001b[36m/>\u001b[39m\n              \u001b[36m</svg>\u001b[39m\n              \u001b[0mMy Interviews\u001b[0m\n            \u001b[36m</div>\u001b[39m\n            \u001b[36m<p\u001b[39m\n              \u001b[33mclass\u001b[39m=\u001b[32m\"text-xs text-slate-500 hidden md:block\"\u001b[39m\n            \u001b[36m>\u001b[39m\n              \u001b[0mManage your upcoming and past interviews\u001b[0m\n            \u001b[36m</p>\u001b[39m\n          \u001b[36m</div>\u001b[39m\n        \u001b[36m</div>\u001b[39m\n        \u001b[36m<div\u001b[39m\n          \u001b[33mclass\u001b[39m=\u001b[32m\"flex items-center gap-2 flex-wrap\"\u001b[39m\n        \u001b[36m>\u001b[39m\n          \u001b[36m<div\u001b[39m\n            \u001b[33mclass\u001b[39m=\u001b[32m\"flex bg-slate-100 p-1 rounded-lg\"\u001b[39m\n          \u001b[36m>\u001b[39m\n            \u001b[36m<button\u001b[39m\n              \u001b[33mclass\u001b[39m=\u001b[32m\"px-4 py-1.5 text-xs font-bold rounded-md transition bg-white text-indigo-600 shadow-sm\"\u001b[39m\n            \u001b[36m>\u001b[39m\n              \u001b[0mAssignments (\u001b[0m\n              \u001b[0m1\u001b[0m\n              \u001b[0m)\u001b[0m\n            \u001b[36m</button>\u001b[39m\n            \u001b[36m<button\u001b[39m\n              \u001b[33mclass\u001b[39m=\u001b[32m\"px-4 py-1.5 text-xs font-bold rounded-md transition text-slate-500 hover:text-slate-700\"\u001b[39m\n            \u001b[36m>\u001b[39m\n              \u001b[0mHistory (\u001b[0m\n              \u001b[0m2\u001b[0m\n              \u001b[0m)\u001b[0m\n            \u001b[36m</button>\u001b[39m\n          \u001b[36m</div>\u001b[39m\n        \u001b[36m</div>\u001b[39m\n      \u001b[36m</div>\u001b[39m\n      \u001b[36m<div\u001b[39m\n        \u001b[33mclass\u001b[39m=\u001b[32m\"flex-1 overflow-y-auto p-4 md:p-8 bg-slate-50\"\u001b[39m\n      \u001b[36m>\u001b[39m\n        \u001b[36m<div\u001b[39m\n          \u001b[33mclass\u001b[39m=\u001b[32m\"max-w-4xl mx-auto space-y-4\"\u001b[39m\n        \u001b[36m>\u001b[39m\n          \u001b[36m<div\u001b[39m\n            \u001b[33mclass\u001b[39m=\u001b[32m\"bg-white border border-slate-200 rounded-xl p-5 shadow-sm hover:shadow-md transition group\"\u001b[39m\n          \u001b[36m>\u001b[39m\n            \u001b[36m<div\u001b[39m\n              \u001b[33mclass\u001b[39m=\u001b[32m\"flex flex-col md:flex-row md:items-center justify-between gap-4\"\u001b[39m\n            \u001b[36m>\u001b[39m\n              \u001b[36m<div\u001b[39m\n                \u001b[33mclass\u001b[39m=\u001b[32m\"flex items-start gap-4\"\u001b[39m\n              \u001b[36m>\u001b[39m\n                \u001b[36m<div\u001b[39m\n                  \u001b[33mclass\u001b[39m=\u001b[32m\"w-12 h-12 rounded-xl flex flex-col items-center justify-center shrink-0 bg-indigo-50 text-indigo-600\"\u001b[39m\n                \u001b[36m>\u001b[39m\n                  \u001b[36m<span\u001b[39m\n                    \u001b[33mclass\u001b[39m=\u001b[32m\"text-[10px] font-bold uppercase\"\u001b[39m\n                  \u001b[36m>\u001b[39m\n                    \u001b[0mDec\u001b[0m\n                  \u001b[36m</span>\u001b[39m\n                  \u001b[36m<span\u001b[39m\n                    \u001b[33mclass\u001b[39m=\u001b[32m\"text-lg font-bold leading-none\"\u001b[39m\n                  \u001b[36m>\u001b[39m\n                    \u001b[0m27\u001b[0m\n                  \u001b[36m</span>\u001b[39m\n                \u001b[36m</div>\u001b[39m\n                \u001b[36m<div>\u001b[39m\n                  \u001b[36m<h3\u001b[39m\n                    \u001b[33mclass\u001b[39m=\u001b[32m\"font-bold text-slate-900 text-lg flex items-center gap-2\"\u001b[39m\n                  \u001b[36m>\u001b[39m\n                    \u001b[0mJohn Doe\u001b[0m\n                  \u001b[36m</h3>\u001b[39m\n                  \u001b[36m<div\u001b[39m\n                    \u001b[33mclass\u001b[39m=\u001b[32m\"text-sm text-slate-500 flex flex-wrap items-center gap-x-4 gap-y-1 mt-1\"\u001b[39m\n                  \u001b[36m>\u001b[39m\n                    \u001b[36m<span\u001b[39m\n                      \u001b[33mclass\u001b[39m=\u001b[32m\"flex items-center gap-1.5\"\u001b[39m\n                    \u001b[36m>\u001b[39m\n                      \u001b[36m<svg\u001b[39m\n                        \u001b[33mclass\u001b[39m=\u001b[32m\"lucide lucide-briefcase \"\u001b[39m\n                        \u001b[33mfill\u001b[39m=\u001b[32m\"none\"\u001b[39m\n                        \u001b[33mheight\u001b[39m=\u001b[32m\"14\"\u001b[39m\n                        \u001b[33mstroke\u001b[39m=\u001b[32m\"currentColor\"\u001b[39m\n                        \u001b[33mstroke-linecap\u001b[39m=\u001b[32m\"round\"\u001b[39m\n                        \u001b[33mstroke-linejoin\u001b[39m=\u001b[32m\"round\"\u001b[39m\n                        \u001b[33mstroke-width\u001b[39m=\u001b[32m\"2\"\u001b[39m\n                        \u001b[33mviewBox\u001b[39m=\u001b[32m\"0 0 24 24\"\u001b[39m\n                        \u001b[33mwidth\u001b[39m=\u001b[32m\"14\"\u001b[39m\n                        \u001b[33mxmlns\u001b[39m=\u001b[32m\"http://www.w3.org/2000/svg\"\u001b[39m\n                      \u001b[36m>\u001b[39m\n                        \u001b[36m<rect\u001b[39m\n                          \u001b[33mheight\u001b[39m=\u001b[32m\"14\"\u001b[39m\n                          \u001b[33mrx\u001b[39m=\u001b[32m\"2\"\u001b[39m\n                          \u001b[33mry\u001b[39m=\u001b[32m\"2\"\u001b[39m\n                          \u001b[33mwidth\u001b[39m=\u001b[32m\"20\"\u001b[39m\n                          \u001b[33mx\u001b[39m=\u001b[32m\"2\"\u001b[39m\n                          \u001b[33my\u001b[39m=\u001b[32m\"7\"\u001b[39m\n                        \u001b[36m/>\u001b[39m\n                        \u001b[36m<path\u001b[39m\n                          \u001b[33md\u001b[39m=\u001b[32m\"M16 21V5a2 2 0 0 0-2-2h-4a2 2 0 0 0-2 2v16\"\u001b[39m\n                        \u001b[36m/>\u001b[39m\n                      \u001b[36m</svg>\u001b[39m\n                      \u001b[0m \u001b[0m\n                      \u001b[0mFrontend Dev\u001b[0m\n                    \u001b[36m</span>\u001b[39m\n                    \u001b[36m<span\u001b[39m\n                      \u001b[33mclass\u001b[39m=\u001b[32m\"flex items-center gap-1.5\"\u001b[39m\n                    \u001b[36m>\u001b[39m\n                      \u001b[36m<svg\u001b[39m\n                        \u001b[33mclass\u001b[39m=\u001b[32m\"lucide lucide-check-circle \"\u001b[39m\n                        \u001b[33mfill\u001b[39m=\u001b[32m\"none\"\u001b[39m\n                        \u001b[33mheight\u001b[39m=\u001b[32m\"14\"\u001b[39m\n                        \u001b[33mstroke\u001b[39m=\u001b[32m\"currentColor\"\u001b[39m\n                        \u001b[33mstroke-linecap\u001b[39m=\u001b[32m\"round\"\u001b[39m\n                        \u001b[33mstroke-linejoin\u001b[39m=\u001b[32m\"round\"\u001b[39m\n                        \u001b[33mstroke-width\u001b[39m=\u001b[32m\"2\"\u001b[39m\n                        \u001b[33mviewBox\u001b[39m=\u001b[32m\"0 0 24 24\"\u001b[39m\n                        \u001b[33mwidth\u001b[39m=\u001b[32m\"14\"\u001b[39m\n                        \u001b[33mxmlns\u001b[39m=\u001b[32m\"http://www.w3.org/2000/svg\"\u001b[39m\n                      \u001b[36m>\u001b[39m\n                        \u001b[36m<path\u001b[39m\n                          \u001b[33md\u001b[39m=\u001b[32m\"M22 11.08V12a10 10 0 1 1-5.93-9.14\"\u001b[39m\n                        \u001b[36m/>\u001b[39m\n                        \u001b[36m<path\u001b[39m\n                          \u001b[33md\u001b[39m=\u001b[32m\"m9 11 3 3L22 4\"\u001b[39m\n                        \u001b[36m/>\u001b[39m\n                      \u001b[36m</svg>\u001b[39m\n                      \u001b[0m \u001b[0m\n                      \u001b[0mTechnical Interview\u001b[0m\n                    \u001b[36m</span>\u001b[39m\n                    \u001b[36m<span\u001b[39m\n                      \u001b[33mclass\u001b[39m=\u001b[32m\"flex items-center gap-1.5\"\u001b[39m\n                    \u001b[36m>\u001b[39m\n                      \u001b[36m<svg\u001b[39m\n                        \u001b[33mclass\u001b[39m=\u001b[32m\"lucide lucide-clock \"\u001b[39m\n                        \u001b[33mfill\u001b[39m=\u001b[32m\"none\"\u001b[39m\n                        \u001b[33mheight\u001b[39m=\u001b[32m\"14\"\u001b[39m\n                        \u001b[33mstroke\u001b[39m=\u001b[32m\"currentColor\"\u001b[39m\n                        \u001b[33mstroke-linecap\u001b[39m=\u001b[32m\"round\"\u001b[39m\n                        \u001b[33mstroke-linejoin\u001b[39m=\u001b[32m\"round\"\u001b[39m\n                        \u001b[33mstroke-width\u001b[39m=\u001b[32m\"2\"\u001b[39m\n                        \u001b[33mviewBox\u001b[39m=\u001b[32m\"0 0 24 24\"\u001b[39m\n                        \u001b[33mwidth\u001b[39m=\u001b[32m\"14\"\u001b[39m\n                        \u001b[33mxmlns\u001b[39m=\u001b[32m\"http://www.w3.org/2000/svg\"\u001b[39m\n                      \u001b[36m>\u001b[39m\n                        \u001b[36m<circle\u001b[39m\n                          \u001b[33mcx\u001b[39m=\u001b[32m\"12\"\u001b[39m\n                          \u001b[33mcy\u001b[39m=\u001b[32m\"12\"\u001b[39m\n                          \u001b[33mr\u001b[39m=\u001b[32m\"10\"\u001b[39m\n                        \u001b[36m/>\u001b[39m\n                        \u001b[36m<polyline\u001b[39m\n                          \u001b[33mpoints\u001b[39m=\u001b[32m\"12 6 12 12 16 14\"\u001b[39m\n                        \u001b[36m/>\u001b[39m\n                      \u001b[36m</svg>\u001b[39m\n                      \u001b[0m \u001b[0m\n                      \u001b[0m01:04 PM\u001b[0m\n                    \u001b[36m</span>\u001b[39m\n                  \u001b[36m</div>\u001b[39m\n                \u001b[36m</div>\u001b[39m\n              \u001b[36m</div>\u001b[39m\n              \u001b[36m<button\u001b[39m\n                \u001b[33mclass\u001b[39m=\u001b[32m\"px-4 py-2 bg-white border border-slate-200 text-slate-600 font-bold text-sm rounded-lg hover:bg-indigo-50 hover:text-indigo-600 hover:border-indigo-200 transition flex items-center gap-2 shrink-0\"\u001b[39m\n              \u001b[36m>\u001b[39m\n                \u001b[0mView Profile \u001b[0m\n                \u001b[36m<svg\u001b[39m\n                  \u001b[33mclass\u001b[39m=\u001b[32m\"lucide lucide-chevron-right \"\u001b[39m\n                  \u001b[33mfill\u001b[39m=\u001b[32m\"none\"\u001b[39m\n                  \u001b[33mheight\u001b[39m=\u001b[32m\"16\"\u001b[39m\n                  \u001b[33mstroke\u001b[39m=\u001b[32m\"currentColor\"\u001b[39m\n                  \u001b[33mstroke-linecap\u001b[39m=\u001b[32m\"round\"\u001b[39m\n                  \u001b[33mstroke-linejoin\u001b[39m=\u001b[32m\"round\"\u001b[39m\n                  \u001b[33mstroke-width\u001b[39m=\u001b[32m\"2\"\u001b[39m\n                  \u001b[33mviewBox\u001b[39m=\u001b[32m\"0 0 24 24\"\u001b[39m\n                  \u001b[33mwidth\u001b[39m=\u001b[32m\"16\"\u001b[39m\n                  \u001b[33mxmlns\u001b[39m=\u001b[32m\"http://www.w3.org/2000/svg\"\u001b[39m\n                \u001b[36m>\u001b[39m\n                  \u001b[36m<path\u001b[39m\n                    \u001b[33md\u001b[39m=\u001b[32m\"m9 18 6-6-6-6\"\u001b[39m\n                  \u001b[36m/>\u001b[39m\n                \u001b[36m</svg>\u001b[39m\n              \u001b[36m</button>\u001b[39m\n            \u001b[36m</div>\u001b[39m\n            \u001b[36m<div\u001b[39m\n              \u001b[33mclass\u001b[39m=\u001b[32m\"mt-4 pt-3 border-t border-slate-100 flex items-center gap-2 text-xs font-medium text-slate-500\"\u001b[39m\n            \u001b[36m>\u001b[39m\n              \u001b[36m<svg\u001b[39m\n                \u001b[33mclass\u001b[39m=\u001b[32m\"lucide lucide-message-square \"\u001b[39m\n                \u001b[33mfill\u001b[39m=\u001b[32m\"none\"\u001b[39m\n                \u001b[33mheight\u001b[39m=\u001b[32m\"14\"\u001b[39m\n                \u001b[33mstroke\u001b[39m=\u001b[32m\"currentColor\"\u001b[39m\n                \u001b[33mstroke-linecap\u001b[39m=\u001b[32m\"round\"\u001b[39m\n                \u001b[33mstroke-linejoin\u001b[39m=\u001b[32m\"round\"\u001b[39m\n                \u001b[33mstroke-width\u001b[39m=\u001b[32m\"2\"\u001b[39m\n                \u001b[33mviewBox\u001b[39m=\u001b[32m\"0 0 24 24\"\u001b[39m\n                \u001b[33mwidth\u001b[39m=\u001b[32m\"14\"\u001b[39m\n                \u001b[33mxmlns\u001b[39m=\u001b[32m\"http://www.w3.org/2000/svg\"\u001b[39m\n              \u001b[36m>\u001b[39m\n                \u001b[36m<path\u001b[39m\n                  \u001b[33md\u001b[39m=\u001b[32m\"M21 15a2 2 0 0 1-2 2H7l-4 4V5a2 2 0 0 1 2-2h14a2 2 0 0 1 2 2z\"\u001b[39m\n                \u001b[36m/>\u001b[39m\n              \u001b[36m</svg>\u001b[39m\n              \u001b[0m Outcome: \u001b[0m\n              \u001b[36m<span\u001b[39m\n                \u001b[33mclass\u001b[39m=\u001b[32m\"text-slate-700\"\u001b[39m\n              \u001b[36m>\u001b[39m\n                \u001b[0mScheduled\u001b[0m\n              \u001b[36m</span>\u001b[39m\n            \u001b[36m</div>\u001b[39m\n          \u001b[36m</div>\u001b[39m\n        \u001b[36m</div>\u001b[39m\n      \u001b[36m</div>\u001b[39m\n    \u001b[36m</div>\u001b[39m\n  \u001b[36m</div>\u001b[39m\n\u001b[36m</body>\u001b[39m\n    at Object.getElementError (/app/node_modules/@testing-library/dom/dist/config.js:37:19)\n    at /app/node_modules/@testing-library/dom/dist/query-helpers.js:76:38\n    at /app/node_modules/@testing-library/dom/dist/query-helpers.js:52:17\n    at /app/node_modules/@testing-library/dom/dist/query-helpers.js:95:19\n    at /app/src/pages/__tests__/InterviewerDashboard.test.jsx:100:32\n    at file:///app/node_modules/@vitest/runner/dist/index.js:915:20"],"meta":{}},{"ancestorTitles":["InterviewerDashboard Component"],"fullName":"InterviewerDashboard Component shows cancelled interviews in past tab","status":"failed","title":"shows cancelled interviews in past tab","duration":1087.6294770000022,"failureMessages":["TestingLibraryElementError: Unable to find an element with the text: /Past/. This could be because the text is broken up by multiple elements. In this case, you can provide a function for your text matcher to make your matcher more flexible.\n\nIgnored nodes: comments, script, style\n\u001b[36m<body>\u001b[39m\n  \u001b[36m<div>\u001b[39m\n    \u001b[36m<div\u001b[39m\n      \u001b[33mclass\u001b[39m=\u001b[32m\"flex flex-col h-full bg-white\"\u001b[39m\n    \u001b[36m>\u001b[39m\n      \u001b[36m<div\u001b[39m\n        \u001b[33mclass\u001b[39m=\u001b[32m\"min-h-[4rem] bg-white border-b border-slate-200 px-4 md:px-6 flex flex-wrap items-center justify-between shrink-0 sticky top-0 z-20 gap-4 py-3\"\u001b[39m\n      \u001b[36m>\u001b[39m\n        \u001b[36m<div\u001b[39m\n          \u001b[33mclass\u001b[39m=\u001b[32m\"flex items-center gap-3 md:gap-4\"\u001b[39m\n        \u001b[36m>\u001b[39m\n          \u001b[36m<button\u001b[39m\n            \u001b[33mclass\u001b[39m=\u001b[32m\"md:hidden p-2 -ml-2 text-slate-500 hover:bg-slate-100 rounded-lg transition\"\u001b[39m\n          \u001b[36m>\u001b[39m\n            \u001b[36m<svg\u001b[39m\n              \u001b[33mclass\u001b[39m=\u001b[32m\"lucide lucide-menu \"\u001b[39m\n              \u001b[33mfill\u001b[39m=\u001b[32m\"none\"\u001b[39m\n              \u001b[33mheight\u001b[39m=\u001b[32m\"20\"\u001b[39m\n              \u001b[33mstroke\u001b[39m=\u001b[32m\"currentColor\"\u001b[39m\n              \u001b[33mstroke-linecap\u001b[39m=\u001b[32m\"round\"\u001b[39m\n              \u001b[33mstroke-linejoin\u001b[39m=\u001b[32m\"round\"\u001b[39m\n              \u001b[33mstroke-width\u001b[39m=\u001b[32m\"2\"\u001b[39m\n              \u001b[33mviewBox\u001b[39m=\u001b[32m\"0 0 24 24\"\u001b[39m\n              \u001b[33mwidth\u001b[39m=\u001b[32m\"20\"\u001b[39m\n              \u001b[33mxmlns\u001b[39m=\u001b[32m\"http://www.w3.org/2000/svg\"\u001b[39m\n            \u001b[36m>\u001b[39m\n              \u001b[36m<line\u001b[39m\n                \u001b[33mx1\u001b[39m=\u001b[32m\"4\"\u001b[39m\n                \u001b[33mx2\u001b[39m=\u001b[32m\"20\"\u001b[39m\n                \u001b[33my1\u001b[39m=\u001b[32m\"12\"\u001b[39m\n                \u001b[33my2\u001b[39m=\u001b[32m\"12\"\u001b[39m\n              \u001b[36m/>\u001b[39m\n              \u001b[36m<line\u001b[39m\n                \u001b[33mx1\u001b[39m=\u001b[32m\"4\"\u001b[39m\n                \u001b[33mx2\u001b[39m=\u001b[32m\"20\"\u001b[39m\n                \u001b[33my1\u001b[39m=\u001b[32m\"6\"\u001b[39m\n                \u001b[33my2\u001b[39m=\u001b[32m\"6\"\u001b[39m\n              \u001b[36m/>\u001b[39m\n              \u001b[36m<line\u001b[39m\n                \u001b[33mx1\u001b[39m=\u001b[32m\"4\"\u001b[39m\n                \u001b[33mx2\u001b[39m=\u001b[32m\"20\"\u001b[39m\n                \u001b[33my1\u001b[39m=\u001b[32m\"18\"\u001b[39m\n                \u001b[33my2\u001b[39m=\u001b[32m\"18\"\u001b[39m\n              \u001b[36m/>\u001b[39m\n            \u001b[36m</svg>\u001b[39m\n          \u001b[36m</button>\u001b[39m\n          \u001b[36m<div>\u001b[39m\n            \u001b[36m<div\u001b[39m\n              \u001b[33mclass\u001b[39m=\u001b[32m\"text-lg font-bold text-slate-900 tracking-tight flex flex-wrap items-center gap-2\"\u001b[39m\n            \u001b[36m>\u001b[39m\n              \u001b[36m<svg\u001b[39m\n                \u001b[33mclass\u001b[39m=\u001b[32m\"lucide lucide-calendar text-indigo-600\"\u001b[39m\n                \u001b[33mfill\u001b[39m=\u001b[32m\"none\"\u001b[39m\n                \u001b[33mheight\u001b[39m=\u001b[32m\"20\"\u001b[39m\n                \u001b[33mstroke\u001b[39m=\u001b[32m\"currentColor\"\u001b[39m\n                \u001b[33mstroke-linecap\u001b[39m=\u001b[32m\"round\"\u001b[39m\n                \u001b[33mstroke-linejoin\u001b[39m=\u001b[32m\"round\"\u001b[39m\n                \u001b[33mstroke-width\u001b[39m=\u001b[32m\"2\"\u001b[39m\n                \u001b[33mviewBox\u001b[39m=\u001b[32m\"0 0 24 24\"\u001b[39m\n                \u001b[33mwidth\u001b[39m=\u001b[32m\"20\"\u001b[39m\n                \u001b[33mxmlns\u001b[39m=\u001b[32m\"http://www.w3.org/2000/svg\"\u001b[39m\n              \u001b[36m>\u001b[39m\n                \u001b[36m<rect\u001b[39m\n                  \u001b[33mheight\u001b[39m=\u001b[32m\"18\"\u001b[39m\n                  \u001b[33mrx\u001b[39m=\u001b[32m\"2\"\u001b[39m\n                  \u001b[33mry\u001b[39m=\u001b[32m\"2\"\u001b[39m\n                  \u001b[33mwidth\u001b[39m=\u001b[32m\"18\"\u001b[39m\n                  \u001b[33mx\u001b[39m=\u001b[32m\"3\"\u001b[39m\n                  \u001b[33my\u001b[39m=\u001b[32m\"4\"\u001b[39m\n                \u001b[36m/>\u001b[39m\n                \u001b[36m<line\u001b[39m\n                  \u001b[33mx1\u001b[39m=\u001b[32m\"16\"\u001b[39m\n                  \u001b[33mx2\u001b[39m=\u001b[32m\"16\"\u001b[39m\n                  \u001b[33my1\u001b[39m=\u001b[32m\"2\"\u001b[39m\n                  \u001b[33my2\u001b[39m=\u001b[32m\"6\"\u001b[39m\n                \u001b[36m/>\u001b[39m\n                \u001b[36m<line\u001b[39m\n                  \u001b[33mx1\u001b[39m=\u001b[32m\"8\"\u001b[39m\n                  \u001b[33mx2\u001b[39m=\u001b[32m\"8\"\u001b[39m\n                  \u001b[33my1\u001b[39m=\u001b[32m\"2\"\u001b[39m\n                  \u001b[33my2\u001b[39m=\u001b[32m\"6\"\u001b[39m\n                \u001b[36m/>\u001b[39m\n                \u001b[36m<line\u001b[39m\n                  \u001b[33mx1\u001b[39m=\u001b[32m\"3\"\u001b[39m\n                  \u001b[33mx2\u001b[39m=\u001b[32m\"21\"\u001b[39m\n                  \u001b[33my1\u001b[39m=\u001b[32m\"10\"\u001b[39m\n                  \u001b[33my2\u001b[39m=\u001b[32m\"10\"\u001b[39m\n                \u001b[36m/>\u001b[39m\n              \u001b[36m</svg>\u001b[39m\n              \u001b[0mMy Interviews\u001b[0m\n            \u001b[36m</div>\u001b[39m\n            \u001b[36m<p\u001b[39m\n              \u001b[33mclass\u001b[39m=\u001b[32m\"text-xs text-slate-500 hidden md:block\"\u001b[39m\n            \u001b[36m>\u001b[39m\n              \u001b[0mManage your upcoming and past interviews\u001b[0m\n            \u001b[36m</p>\u001b[39m\n          \u001b[36m</div>\u001b[39m\n        \u001b[36m</div>\u001b[39m\n        \u001b[36m<div\u001b[39m\n          \u001b[33mclass\u001b[39m=\u001b[32m\"flex items-center gap-2 flex-wrap\"\u001b[39m\n        \u001b[36m>\u001b[39m\n          \u001b[36m<div\u001b[39m\n            \u001b[33mclass\u001b[39m=\u001b[32m\"flex bg-slate-100 p-1 rounded-lg\"\u001b[39m\n          \u001b[36m>\u001b[39m\n            \u001b[36m<button\u001b[39m\n              \u001b[33mclass\u001b[39m=\u001b[32m\"px-4 py-1.5 text-xs font-bold rounded-md transition bg-white text-indigo-600 shadow-sm\"\u001b[39m\n            \u001b[36m>\u001b[39m\n              \u001b[0mAssignments (\u001b[0m\n              \u001b[0m1\u001b[0m\n              \u001b[0m)\u001b[0m\n            \u001b[36m</button>\u001b[39m\n            \u001b[36m<button\u001b[39m\n              \u001b[33mclass\u001b[39m=\u001b[32m\"px-4 py-1.5 text-xs font-bold rounded-md transition text-slate-500 hover:text-slate-700\"\u001b[39m\n            \u001b[36m>\u001b[39m\n              \u001b[0mHistory (\u001b[0m\n              \u001b[0m2\u001b[0m\n              \u001b[0m)\u001b[0m\n            \u001b[36m</button>\u001b[39m\n          \u001b[36m</div>\u001b[39m\n        \u001b[36m</div>\u001b[39m\n      \u001b[36m</div>\u001b[39m\n      \u001b[36m<div\u001b[39m\n        \u001b[33mclass\u001b[39m=\u001b[32m\"flex-1 overflow-y-auto p-4 md:p-8 bg-slate-50\"\u001b[39m\n      \u001b[36m>\u001b[39m\n        \u001b[36m<div\u001b[39m\n          \u001b[33mclass\u001b[39m=\u001b[32m\"max-w-4xl mx-auto space-y-4\"\u001b[39m\n        \u001b[36m>\u001b[39m\n          \u001b[36m<div\u001b[39m\n            \u001b[33mclass\u001b[39m=\u001b[32m\"bg-white border border-slate-200 rounded-xl p-5 shadow-sm hover:shadow-md transition group\"\u001b[39m\n          \u001b[36m>\u001b[39m\n            \u001b[36m<div\u001b[39m\n              \u001b[33mclass\u001b[39m=\u001b[32m\"flex flex-col md:flex-row md:items-center justify-between gap-4\"\u001b[39m\n            \u001b[36m>\u001b[39m\n              \u001b[36m<div\u001b[39m\n                \u001b[33mclass\u001b[39m=\u001b[32m\"flex items-start gap-4\"\u001b[39m\n              \u001b[36m>\u001b[39m\n                \u001b[36m<div\u001b[39m\n                  \u001b[33mclass\u001b[39m=\u001b[32m\"w-12 h-12 rounded-xl flex flex-col items-center justify-center shrink-0 bg-indigo-50 text-indigo-600\"\u001b[39m\n                \u001b[36m>\u001b[39m\n                  \u001b[36m<span\u001b[39m\n                    \u001b[33mclass\u001b[39m=\u001b[32m\"text-[10px] font-bold uppercase\"\u001b[39m\n                  \u001b[36m>\u001b[39m\n                    \u001b[0mDec\u001b[0m\n                  \u001b[36m</span>\u001b[39m\n                  \u001b[36m<span\u001b[39m\n                    \u001b[33mclass\u001b[39m=\u001b[32m\"text-lg font-bold leading-none\"\u001b[39m\n                  \u001b[36m>\u001b[39m\n                    \u001b[0m27\u001b[0m\n                  \u001b[36m</span>\u001b[39m\n                \u001b[36m</div>\u001b[39m\n                \u001b[36m<div>\u001b[39m\n                  \u001b[36m<h3\u001b[39m\n                    \u001b[33mclass\u001b[39m=\u001b[32m\"font-bold text-slate-900 text-lg flex items-center gap-2\"\u001b[39m\n                  \u001b[36m>\u001b[39m\n                    \u001b[0mJohn Doe\u001b[0m\n                  \u001b[36m</h3>\u001b[39m\n                  \u001b[36m<div\u001b[39m\n                    \u001b[33mclass\u001b[39m=\u001b[32m\"text-sm text-slate-500 flex flex-wrap items-center gap-x-4 gap-y-1 mt-1\"\u001b[39m\n                  \u001b[36m>\u001b[39m\n                    \u001b[36m<span\u001b[39m\n                      \u001b[33mclass\u001b[39m=\u001b[32m\"flex items-center gap-1.5\"\u001b[39m\n                    \u001b[36m>\u001b[39m\n                      \u001b[36m<svg\u001b[39m\n                        \u001b[33mclass\u001b[39m=\u001b[32m\"lucide lucide-briefcase \"\u001b[39m\n                        \u001b[33mfill\u001b[39m=\u001b[32m\"none\"\u001b[39m\n                        \u001b[33mheight\u001b[39m=\u001b[32m\"14\"\u001b[39m\n                        \u001b[33mstroke\u001b[39m=\u001b[32m\"currentColor\"\u001b[39m\n                        \u001b[33mstroke-linecap\u001b[39m=\u001b[32m\"round\"\u001b[39m\n                        \u001b[33mstroke-linejoin\u001b[39m=\u001b[32m\"round\"\u001b[39m\n                        \u001b[33mstroke-width\u001b[39m=\u001b[32m\"2\"\u001b[39m\n                        \u001b[33mviewBox\u001b[39m=\u001b[32m\"0 0 24 24\"\u001b[39m\n                        \u001b[33mwidth\u001b[39m=\u001b[32m\"14\"\u001b[39m\n                        \u001b[33mxmlns\u001b[39m=\u001b[32m\"http://www.w3.org/2000/svg\"\u001b[39m\n                      \u001b[36m>\u001b[39m\n                        \u001b[36m<rect\u001b[39m\n                          \u001b[33mheight\u001b[39m=\u001b[32m\"14\"\u001b[39m\n                          \u001b[33mrx\u001b[39m=\u001b[32m\"2\"\u001b[39m\n                          \u001b[33mry\u001b[39m=\u001b[32m\"2\"\u001b[39m\n                          \u001b[33mwidth\u001b[39m=\u001b[32m\"20\"\u001b[39m\n                          \u001b[33mx\u001b[39m=\u001b[32m\"2\"\u001b[39m\n                          \u001b[33my\u001b[39m=\u001b[32m\"7\"\u001b[39m\n                        \u001b[36m/>\u001b[39m\n                        \u001b[36m<path\u001b[39m\n                          \u001b[33md\u001b[39m=\u001b[32m\"M16 21V5a2 2 0 0 0-2-2h-4a2 2 0 0 0-2 2v16\"\u001b[39m\n                        \u001b[36m/>\u001b[39m\n                      \u001b[36m</svg>\u001b[39m\n                      \u001b[0m \u001b[0m\n                      \u001b[0mFrontend Dev\u001b[0m\n                    \u001b[36m</span>\u001b[39m\n                    \u001b[36m<span\u001b[39m\n                      \u001b[33mclass\u001b[39m=\u001b[32m\"flex items-center gap-1.5\"\u001b[39m\n                    \u001b[36m>\u001b[39m\n                      \u001b[36m<svg\u001b[39m\n                        \u001b[33mclass\u001b[39m=\u001b[32m\"lucide lucide-check-circle \"\u001b[39m\n                        \u001b[33mfill\u001b[39m=\u001b[32m\"none\"\u001b[39m\n                        \u001b[33mheight\u001b[39m=\u001b[32m\"14\"\u001b[39m\n                        \u001b[33mstroke\u001b[39m=\u001b[32m\"currentColor\"\u001b[39m\n                        \u001b[33mstroke-linecap\u001b[39m=\u001b[32m\"round\"\u001b[39m\n                        \u001b[33mstroke-linejoin\u001b[39m=\u001b[32m\"round\"\u001b[39m\n                        \u001b[33mstroke-width\u001b[39m=\u001b[32m\"2\"\u001b[39m\n                        \u001b[33mviewBox\u001b[39m=\u001b[32m\"0 0 24 24\"\u001b[39m\n                        \u001b[33mwidth\u001b[39m=\u001b[32m\"14\"\u001b[39m\n                        \u001b[33mxmlns\u001b[39m=\u001b[32m\"http://www.w3.org/2000/svg\"\u001b[39m\n                      \u001b[36m>\u001b[39m\n                        \u001b[36m<path\u001b[39m\n                          \u001b[33md\u001b[39m=\u001b[32m\"M22 11.08V12a10 10 0 1 1-5.93-9.14\"\u001b[39m\n                        \u001b[36m/>\u001b[39m\n                        \u001b[36m<path\u001b[39m\n                          \u001b[33md\u001b[39m=\u001b[32m\"m9 11 3 3L22 4\"\u001b[39m\n                        \u001b[36m/>\u001b[39m\n                      \u001b[36m</svg>\u001b[39m\n                      \u001b[0m \u001b[0m\n                      \u001b[0mTechnical Interview\u001b[0m\n                    \u001b[36m</span>\u001b[39m\n                    \u001b[36m<span\u001b[39m\n                      \u001b[33mclass\u001b[39m=\u001b[32m\"flex items-center gap-1.5\"\u001b[39m\n                    \u001b[36m>\u001b[39m\n                      \u001b[36m<svg\u001b[39m\n                        \u001b[33mclass\u001b[39m=\u001b[32m\"lucide lucide-clock \"\u001b[39m\n                        \u001b[33mfill\u001b[39m=\u001b[32m\"none\"\u001b[39m\n                        \u001b[33mheight\u001b[39m=\u001b[32m\"14\"\u001b[39m\n                        \u001b[33mstroke\u001b[39m=\u001b[32m\"currentColor\"\u001b[39m\n                        \u001b[33mstroke-linecap\u001b[39m=\u001b[32m\"round\"\u001b[39m\n                        \u001b[33mstroke-linejoin\u001b[39m=\u001b[32m\"round\"\u001b[39m\n                        \u001b[33mstroke-width\u001b[39m=\u001b[32m\"2\"\u001b[39m\n                        \u001b[33mviewBox\u001b[39m=\u001b[32m\"0 0 24 24\"\u001b[39m\n                        \u001b[33mwidth\u001b[39m=\u001b[32m\"14\"\u001b[39m\n                        \u001b[33mxmlns\u001b[39m=\u001b[32m\"http://www.w3.org/2000/svg\"\u001b[39m\n                      \u001b[36m>\u001b[39m\n                        \u001b[36m<circle\u001b[39m\n                          \u001b[33mcx\u001b[39m=\u001b[32m\"12\"\u001b[39m\n                          \u001b[33mcy\u001b[39m=\u001b[32m\"12\"\u001b[39m\n                          \u001b[33mr\u001b[39m=\u001b[32m\"10\"\u001b[39m\n                        \u001b[36m/>\u001b[39m\n                        \u001b[36m<polyline\u001b[39m\n                          \u001b[33mpoints\u001b[39m=\u001b[32m\"12 6 12 12 16 14\"\u001b[39m\n                        \u001b[36m/>\u001b[39m\n                      \u001b[36m</svg>\u001b[39m\n                      \u001b[0m \u001b[0m\n                      \u001b[0m01:04 PM\u001b[0m\n                    \u001b[36m</span>\u001b[39m\n                  \u001b[36m</div>\u001b[39m\n                \u001b[36m</div>\u001b[39m\n              \u001b[36m</div>\u001b[39m\n              \u001b[36m<button\u001b[39m\n                \u001b[33mclass\u001b[39m=\u001b[32m\"px-4 py-2 bg-white border border-slate-200 text-slate-600 font-bold text-sm rounded-lg hover:bg-indigo-50 hover:text-indigo-600 hover:border-indigo-200 transition flex items-center gap-2 shrink-0\"\u001b[39m\n              \u001b[36m>\u001b[39m\n                \u001b[0mView Profile \u001b[0m\n                \u001b[36m<svg\u001b[39m\n                  \u001b[33mclass\u001b[39m=\u001b[32m\"lucide lucide-chevron-right \"\u001b[39m\n                  \u001b[33mfill\u001b[39m=\u001b[32m\"none\"\u001b[39m\n                  \u001b[33mheight\u001b[39m=\u001b[32m\"16\"\u001b[39m\n                  \u001b[33mstroke\u001b[39m=\u001b[32m\"currentColor\"\u001b[39m\n                  \u001b[33mstroke-linecap\u001b[39m=\u001b[32m\"round\"\u001b[39m\n                  \u001b[33mstroke-linejoin\u001b[39m=\u001b[32m\"round\"\u001b[39m\n                  \u001b[33mstroke-width\u001b[39m=\u001b[32m\"2\"\u001b[39m\n                  \u001b[33mviewBox\u001b[39m=\u001b[32m\"0 0 24 24\"\u001b[39m\n                  \u001b[33mwidth\u001b[39m=\u001b[32m\"16\"\u001b[39m\n                  \u001b[33mxmlns\u001b[39m=\u001b[32m\"http://www.w3.org/2000/svg\"\u001b[39m\n                \u001b[36m>\u001b[39m\n                  \u001b[36m<path\u001b[39m\n                    \u001b[33md\u001b[39m=\u001b[32m\"m9 18 6-6-6-6\"\u001b[39m\n                  \u001b[36m/>\u001b[39m\n                \u001b[36m</svg>\u001b[39m\n              \u001b[36m</button>\u001b[39m\n            \u001b[36m</div>\u001b[39m\n            \u001b[36m<div\u001b[39m\n              \u001b[33mclass\u001b[39m=\u001b[32m\"mt-4 pt-3 border-t border-slate-100 flex items-center gap-2 text-xs font-medium text-slate-500\"\u001b[39m\n            \u001b[36m>\u001b[39m\n              \u001b[36m<svg\u001b[39m\n                \u001b[33mclass\u001b[39m=\u001b[32m\"lucide lucide-message-square \"\u001b[39m\n                \u001b[33mfill\u001b[39m=\u001b[32m\"none\"\u001b[39m\n                \u001b[33mheight\u001b[39m=\u001b[32m\"14\"\u001b[39m\n                \u001b[33mstroke\u001b[39m=\u001b[32m\"currentColor\"\u001b[39m\n                \u001b[33mstroke-linecap\u001b[39m=\u001b[32m\"round\"\u001b[39m\n                \u001b[33mstroke-linejoin\u001b[39m=\u001b[32m\"round\"\u001b[39m\n                \u001b[33mstroke-width\u001b[39m=\u001b[32m\"2\"\u001b[39m\n                \u001b[33mviewBox\u001b[39m=\u001b[32m\"0 0 24 24\"\u001b[39m\n                \u001b[33mwidth\u001b[39m=\u001b[32m\"14\"\u001b[39m\n                \u001b[33mxmlns\u001b[39m=\u001b[32m\"http://www.w3.org/2000/svg\"\u001b[39m\n              \u001b[36m>\u001b[39m\n                \u001b[36m<path\u001b[39m\n                  \u001b[33md\u001b[39m=\u001b[32m\"M21 15a2 2 0 0 1-2 2H7l-4 4V5a2 2 0 0 1 2-2h14a2 2 0 0 1 2 2z\"\u001b[39m\n                \u001b[36m/>\u001b[39m\n              \u001b[36m</svg>\u001b[39m\n              \u001b[0m Outcome: \u001b[0m\n              \u001b[36m<span\u001b[39m\n                \u001b[33mclass\u001b[39m=\u001b[32m\"text-slate-700\"\u001b[39m\n              \u001b[36m>\u001b[39m\n                \u001b[0mScheduled\u001b[0m\n              \u001b[36m</span>\u001b[39m\n            \u001b[36m</div>\u001b[39m\n          \u001b[36m</div>\u001b[39m\n        \u001b[36m</div>\u001b[39m\n      \u001b[36m</div>\u001b[39m\n    \u001b[36m</div>\u001b[39m\n  \u001b[36m</div>\u001b[39m\n\u001b[36m</body>\u001b[39m\n    at Object.getElementError (/app/node_modules/@testing-library/dom/dist/config.js:37:19)\n    at /app/node_modules/@testing-library/dom/dist/query-helpers.js:76:38\n    at /app/node_modules/@testing-library/dom/dist/query-helpers.js:52:17\n    at /app/node_modules/@testing-library/dom/dist/query-helpers.js:95:19\n    at /app/src/pages/__tests__/InterviewerDashboard.test.jsx:116:32\n    at file:///app/node_modules/@vitest/runner/dist/index.js:915:20"],"meta":{}},{"ancestorTitles":["InterviewerDashboard Component"],"fullName":"InterviewerDashboard Component opens candidate drawer when clicking View Profile","status":"passed","title":"opens candidate drawer when clicking View Profile","duration":606.2342590000007,"failureMessages":[],"meta":{}},{"ancestorTitles":["InterviewerDashboard Component"],"fullName":"InterviewerDashboard Component handles empty state","status":"failed","title":"handles empty state","duration":1103.2529680000007,"failureMessages":["Error: Unable to find an element with the text: /No upcoming interviews found/i. This could be because the text is broken up by multiple elements. In this case, you can provide a function for your text matcher to make your matcher more flexible.\n\nIgnored nodes: comments, script, style\n\u001b[36m<body>\u001b[39m\n  \u001b[36m<div>\u001b[39m\n    \u001b[36m<div\u001b[39m\n      \u001b[33mclass\u001b[39m=\u001b[32m\"flex flex-col h-full bg-white\"\u001b[39m\n    \u001b[36m>\u001b[39m\n      \u001b[36m<div\u001b[39m\n        \u001b[33mclass\u001b[39m=\u001b[32m\"min-h-[4rem] bg-white border-b border-slate-200 px-4 md:px-6 flex flex-wrap items-center justify-between shrink-0 sticky top-0 z-20 gap-4 py-3\"\u001b[39m\n      \u001b[36m>\u001b[39m\n        \u001b[36m<div\u001b[39m\n          \u001b[33mclass\u001b[39m=\u001b[32m\"flex items-center gap-3 md:gap-4\"\u001b[39m\n        \u001b[36m>\u001b[39m\n          \u001b[36m<button\u001b[39m\n            \u001b[33mclass\u001b[39m=\u001b[32m\"md:hidden p-2 -ml-2 text-slate-500 hover:bg-slate-100 rounded-lg transition\"\u001b[39m\n          \u001b[36m>\u001b[39m\n            \u001b[36m<svg\u001b[39m\n              \u001b[33mclass\u001b[39m=\u001b[32m\"lucide lucide-menu \"\u001b[39m\n              \u001b[33mfill\u001b[39m=\u001b[32m\"none\"\u001b[39m\n              \u001b[33mheight\u001b[39m=\u001b[32m\"20\"\u001b[39m\n              \u001b[33mstroke\u001b[39m=\u001b[32m\"currentColor\"\u001b[39m\n              \u001b[33mstroke-linecap\u001b[39m=\u001b[32m\"round\"\u001b[39m\n              \u001b[33mstroke-linejoin\u001b[39m=\u001b[32m\"round\"\u001b[39m\n              \u001b[33mstroke-width\u001b[39m=\u001b[32m\"2\"\u001b[39m\n              \u001b[33mviewBox\u001b[39m=\u001b[32m\"0 0 24 24\"\u001b[39m\n              \u001b[33mwidth\u001b[39m=\u001b[32m\"20\"\u001b[39m\n              \u001b[33mxmlns\u001b[39m=\u001b[32m\"http://www.w3.org/2000/svg\"\u001b[39m\n            \u001b[36m>\u001b[39m\n              \u001b[36m<line\u001b[39m\n                \u001b[33mx1\u001b[39m=\u001b[32m\"4\"\u001b[39m\n                \u001b[33mx2\u001b[39m=\u001b[32m\"20\"\u001b[39m\n                \u001b[33my1\u001b[39m=\u001b[32m\"12\"\u001b[39m\n                \u001b[33my2\u001b[39m=\u001b[32m\"12\"\u001b[39m\n              \u001b[36m/>\u001b[39m\n              \u001b[36m<line\u001b[39m\n                \u001b[33mx1\u001b[39m=\u001b[32m\"4\"\u001b[39m\n                \u001b[33mx2\u001b[39m=\u001b[32m\"20\"\u001b[39m\n                \u001b[33my1\u001b[39m=\u001b[32m\"6\"\u001b[39m\n                \u001b[33my2\u001b[39m=\u001b[32m\"6\"\u001b[39m\n              \u001b[36m/>\u001b[39m\n              \u001b[36m<line\u001b[39m\n                \u001b[33mx1\u001b[39m=\u001b[32m\"4\"\u001b[39m\n                \u001b[33mx2\u001b[39m=\u001b[32m\"20\"\u001b[39m\n                \u001b[33my1\u001b[39m=\u001b[32m\"18\"\u001b[39m\n                \u001b[33my2\u001b[39m=\u001b[32m\"18\"\u001b[39m\n              \u001b[36m/>\u001b[39m\n            \u001b[36m</svg>\u001b[39m\n          \u001b[36m</button>\u001b[39m\n          \u001b[36m<div>\u001b[39m\n            \u001b[36m<div\u001b[39m\n              \u001b[33mclass\u001b[39m=\u001b[32m\"text-lg font-bold text-slate-900 tracking-tight flex flex-wrap items-center gap-2\"\u001b[39m\n            \u001b[36m>\u001b[39m\n              \u001b[36m<svg\u001b[39m\n                \u001b[33mclass\u001b[39m=\u001b[32m\"lucide lucide-calendar text-indigo-600\"\u001b[39m\n                \u001b[33mfill\u001b[39m=\u001b[32m\"none\"\u001b[39m\n                \u001b[33mheight\u001b[39m=\u001b[32m\"20\"\u001b[39m\n                \u001b[33mstroke\u001b[39m=\u001b[32m\"currentColor\"\u001b[39m\n                \u001b[33mstroke-linecap\u001b[39m=\u001b[32m\"round\"\u001b[39m\n                \u001b[33mstroke-linejoin\u001b[39m=\u001b[32m\"round\"\u001b[39m\n                \u001b[33mstroke-width\u001b[39m=\u001b[32m\"2\"\u001b[39m\n                \u001b[33mviewBox\u001b[39m=\u001b[32m\"0 0 24 24\"\u001b[39m\n                \u001b[33mwidth\u001b[39m=\u001b[32m\"20\"\u001b[39m\n                \u001b[33mxmlns\u001b[39m=\u001b[32m\"http://www.w3.org/2000/svg\"\u001b[39m\n              \u001b[36m>\u001b[39m\n                \u001b[36m<rect\u001b[39m\n                  \u001b[33mheight\u001b[39m=\u001b[32m\"18\"\u001b[39m\n                  \u001b[33mrx\u001b[39m=\u001b[32m\"2\"\u001b[39m\n                  \u001b[33mry\u001b[39m=\u001b[32m\"2\"\u001b[39m\n                  \u001b[33mwidth\u001b[39m=\u001b[32m\"18\"\u001b[39m\n                  \u001b[33mx\u001b[39m=\u001b[32m\"3\"\u001b[39m\n                  \u001b[33my\u001b[39m=\u001b[32m\"4\"\u001b[39m\n                \u001b[36m/>\u001b[39m\n                \u001b[36m<line\u001b[39m\n                  \u001b[33mx1\u001b[39m=\u001b[32m\"16\"\u001b[39m\n                  \u001b[33mx2\u001b[39m=\u001b[32m\"16\"\u001b[39m\n                  \u001b[33my1\u001b[39m=\u001b[32m\"2\"\u001b[39m\n                  \u001b[33my2\u001b[39m=\u001b[32m\"6\"\u001b[39m\n                \u001b[36m/>\u001b[39m\n                \u001b[36m<line\u001b[39m\n                  \u001b[33mx1\u001b[39m=\u001b[32m\"8\"\u001b[39m\n                  \u001b[33mx2\u001b[39m=\u001b[32m\"8\"\u001b[39m\n                  \u001b[33my1\u001b[39m=\u001b[32m\"2\"\u001b[39m\n                  \u001b[33my2\u001b[39m=\u001b[32m\"6\"\u001b[39m\n                \u001b[36m/>\u001b[39m\n                \u001b[36m<line\u001b[39m\n                  \u001b[33mx1\u001b[39m=\u001b[32m\"3\"\u001b[39m\n                  \u001b[33mx2\u001b[39m=\u001b[32m\"21\"\u001b[39m\n                  \u001b[33my1\u001b[39m=\u001b[32m\"10\"\u001b[39m\n                  \u001b[33my2\u001b[39m=\u001b[32m\"10\"\u001b[39m\n                \u001b[36m/>\u001b[39m\n              \u001b[36m</svg>\u001b[39m\n              \u001b[0mMy Interviews\u001b[0m\n            \u001b[36m</div>\u001b[39m\n            \u001b[36m<p\u001b[39m\n              \u001b[33mclass\u001b[39m=\u001b[32m\"text-xs text-slate-500 hidden md:block\"\u001b[39m\n            \u001b[36m>\u001b[39m\n              \u001b[0mManage your upcoming and past interviews\u001b[0m\n            \u001b[36m</p>\u001b[39m\n          \u001b[36m</div>\u001b[39m\n        \u001b[36m</div>\u001b[39m\n        \u001b[36m<div\u001b[39m\n          \u001b[33mclass\u001b[39m=\u001b[32m\"flex items-center gap-2 flex-wrap\"\u001b[39m\n        \u001b[36m>\u001b[39m\n          \u001b[36m<div\u001b[39m\n            \u001b[33mclass\u001b[39m=\u001b[32m\"flex bg-slate-100 p-1 rounded-lg\"\u001b[39m\n          \u001b[36m>\u001b[39m\n            \u001b[36m<button\u001b[39m\n              \u001b[33mclass\u001b[39m=\u001b[32m\"px-4 py-1.5 text-xs font-bold rounded-md transition bg-white text-indigo-600 shadow-sm\"\u001b[39m\n            \u001b[36m>\u001b[39m\n              \u001b[0mAssignments (\u001b[0m\n              \u001b[0m0\u001b[0m\n              \u001b[0m)\u001b[0m\n            \u001b[36m</button>\u001b[39m\n            \u001b[36m<button\u001b[39m\n              \u001b[33mclass\u001b[39m=\u001b[32m\"px-4 py-1.5 text-xs font-bold rounded-md transition text-slate-500 hover:text-slate-700\"\u001b[39m\n            \u001b[36m>\u001b[39m\n              \u001b[0mHistory (\u001b[0m\n              \u001b[0m0\u001b[0m\n              \u001b[0m)\u001b[0m\n            \u001b[36m</button>\u001b[39m\n          \u001b[36m</div>\u001b[39m\n        \u001b[36m</div>\u001b[39m\n      \u001b[36m</div>\u001b[39m\n      \u001b[36m<div\u001b[39m\n        \u001b[33mclass\u001b[39m=\u001b[32m\"flex-1 overflow-y-auto p-4 md:p-8 bg-slate-50\"\u001b[39m\n      \u001b[36m>\u001b[39m\n        \u001b[36m<div\u001b[39m\n          \u001b[33mclass\u001b[39m=\u001b[32m\"max-w-4xl mx-auto space-y-4\"\u001b[39m\n        \u001b[36m>\u001b[39m\n          \u001b[36m<div\u001b[39m\n            \u001b[33mclass\u001b[39m=\u001b[32m\"text-center py-16 bg-white rounded-2xl border border-slate-200 shadow-sm\"\u001b[39m\n          \u001b[36m>\u001b[39m\n            \u001b[36m<div\u001b[39m\n              \u001b[33mclass\u001b[39m=\u001b[32m\"w-20 h-20 bg-indigo-50 rounded-full flex items-center justify-center mx-auto mb-6 text-indigo-300\"\u001b[39m\n            \u001b[36m>\u001b[39m\n              \u001b[36m<svg\u001b[39m\n                \u001b[33mclass\u001b[39m=\u001b[32m\"lucide lucide-calendar \"\u001b[39m\n                \u001b[33mfill\u001b[39m=\u001b[32m\"none\"\u001b[39m\n                \u001b[33mheight\u001b[39m=\u001b[32m\"40\"\u001b[39m\n                \u001b[33mstroke\u001b[39m=\u001b[32m\"currentColor\"\u001b[39m\n                \u001b[33mstroke-linecap\u001b[39m=\u001b[32m\"round\"\u001b[39m\n                \u001b[33mstroke-linejoin\u001b[39m=\u001b[32m\"round\"\u001b[39m\n                \u001b[33mstroke-width\u001b[39m=\u001b[32m\"2\"\u001b[39m\n                \u001b[33mviewBox\u001b[39m=\u001b[32m\"0 0 24 24\"\u001b[39m\n                \u001b[33mwidth\u001b[39m=\u001b[32m\"40\"\u001b[39m\n                \u001b[33mxmlns\u001b[39m=\u001b[32m\"http://www.w3.org/2000/svg\"\u001b[39m\n              \u001b[36m>\u001b[39m\n                \u001b[36m<rect\u001b[39m\n                  \u001b[33mheight\u001b[39m=\u001b[32m\"18\"\u001b[39m\n                  \u001b[33mrx\u001b[39m=\u001b[32m\"2\"\u001b[39m\n                  \u001b[33mry\u001b[39m=\u001b[32m\"2\"\u001b[39m\n                  \u001b[33mwidth\u001b[39m=\u001b[32m\"18\"\u001b[39m\n                  \u001b[33mx\u001b[39m=\u001b[32m\"3\"\u001b[39m\n                  \u001b[33my\u001b[39m=\u001b[32m\"4\"\u001b[39m\n                \u001b[36m/>\u001b[39m\n                \u001b[36m<line\u001b[39m\n                  \u001b[33mx1\u001b[39m=\u001b[32m\"16\"\u001b[39m\n                  \u001b[33mx2\u001b[39m=\u001b[32m\"16\"\u001b[39m\n                  \u001b[33my1\u001b[39m=\u001b[32m\"2\"\u001b[39m\n                  \u001b[33my2\u001b[39m=\u001b[32m\"6\"\u001b[39m\n                \u001b[36m/>\u001b[39m\n                \u001b[36m<line\u001b[39m\n                  \u001b[33mx1\u001b[39m=\u001b[32m\"8\"\u001b[39m\n                  \u001b[33mx2\u001b[39m=\u001b[32m\"8\"\u001b[39m\n                  \u001b[33my1\u001b[39m=\u001b[32m\"2\"\u001b[39m\n                  \u001b[33my2\u001b[39m=\u001b[32m\"6\"\u001b[39m\n                \u001b[36m/>\u001b[39m\n                \u001b[36m<line\u001b[39m\n                  \u001b[33mx1\u001b[39m=\u001b[32m\"3\"\u001b[39m\n                  \u001b[33mx2\u001b[39m=\u001b[32m\"21\"\u001b[39m\n                  \u001b[33my1\u001b[39m=\u001b[32m\"10\"\u001b[39m\n                  \u001b[33my2\u001b[39m=\u001b[32m\"10\"\u001b[39m\n                \u001b[36m/>\u001b[39m\n              \u001b[36m</svg>\u001b[39m\n            \u001b[36m</div>\u001b[39m\n            \u001b[36m<h3\u001b[39m\n              \u001b[33mclass\u001b[39m=\u001b[32m\"text-xl font-bold text-slate-800 mb-2\"\u001b[39m\n            \u001b[36m>\u001b[39m\n              \u001b[0mNo \u001b[0m\n              \u001b[0mactive assignments\u001b[0m\n              \u001b[0m found\u001b[0m\n            \u001b[36m</h3>\u001b[39m\n            \u001b[36m<p\u001b[39m\n              \u001b[33mclass\u001b[39m=\u001b[32m\"text-slate-500 max-w-md mx-auto mb-8\"\u001b[39m\n            \u001b[36m>\u001b[39m\n              \u001b[0mYou don't have any active assignments at the moment. Scheduled interviews and review tasks will appear here.\u001b[0m\n            \u001b[36m</p>\u001b[39m\n            \u001b[36m<div\u001b[39m\n              \u001b[33mclass\u001b[39m=\u001b[32m\"inline-flex items-center gap-2 px-4 py-2 bg-slate-50 text-slate-600 rounded-lg text-sm font-medium\"\u001b[39m\n            \u001b[36m>\u001b[39m\n              \u001b[36m<svg\u001b[39m\n                \u001b[33mclass\u001b[39m=\u001b[32m\"lucide lucide-check-circle text-indigo-500\"\u001b[39m\n                \u001b[33mfill\u001b[39m=\u001b[32m\"none\"\u001b[39m\n                \u001b[33mheight\u001b[39m=\u001b[32m\"16\"\u001b[39m\n                \u001b[33mstroke\u001b[39m=\u001b[32m\"currentColor\"\u001b[39m\n                \u001b[33mstroke-linecap\u001b[39m=\u001b[32m\"round\"\u001b[39m\n                \u001b[33mstroke-linejoin\u001b[39m=\u001b[32m\"round\"\u001b[39m\n                \u001b[33mstroke-width\u001b[39m=\u001b[32m\"2\"\u001b[39m\n                \u001b[33mviewBox\u001b[39m=\u001b[32m\"0 0 24 24\"\u001b[39m\n                \u001b[33mwidth\u001b[39m=\u001b[32m\"16\"\u001b[39m\n                \u001b[33mxmlns\u001b[39m=\u001b[32m\"http://www.w3.org/2000/svg\"\u001b[39m\n              \u001b[36m>\u001b[39m\n                \u001b[36m<path\u001b[39m\n                  \u001b[33md\u001b[39m=\u001b[32m\"M22 11.08V12a10 10 0 1 1-5.93-9.14\"\u001b[39m\n                \u001b[36m/>\u001b[39m\n                \u001b[36m<path\u001b[39m\n                  \u001b[33md\u001b[39m=\u001b[32m\"m9 11 3 3L22 4\"\u001b[39m\n                \u001b[36m/>\u001b[39m\n              \u001b[36m</svg>\u001b[39m\n              \u001b[0mYou're all caught up!\u001b[0m\n            \u001b[36m</div>\u001b[39m\n          \u001b[36m</div>\u001b[39m\n        \u001b[36m</div>\u001b[39m\n      \u001b[36m</div>\u001b[39m\n    \u001b[36m</div>\u001b[39m\n  \u001b[36m</div>\u001b[39m\n\u001b[36m</body>\u001b[39m\n    at Proxy.waitForWrapper (/app/node_modules/@testing-library/dom/dist/wait-for.js:163:27)\n    at /app/src/pages/__tests__/InterviewerDashboard.test.jsx:144:15\n    at file:///app/node_modules/@vitest/runner/dist/index.js:145:11\n    at file:///app/node_modules/@vitest/runner/dist/index.js:915:26\n    at file:///app/node_modules/@vitest/runner/dist/index.js:1240:20\n    at new Promise (<anonymous>)\n    at runWithTimeout (file:///app/node_modules/@vitest/runner/dist/index.js:1206:10)\n    at file:///app/node_modules/@vitest/runner/dist/index.js:1650:37\n    at Traces.$ (file:///app/node_modules/vitest/dist/chunks/traces.U4xDYhzZ.js:115:27)\n    at trace (file:///app/node_modules/vitest/dist/chunks/test.BT8LKgU9.js:239:21)"],"meta":{}}],"startTime":1766754284673,"endTime":1766754290772.253,"status":"failed","message":"","name":"/app/src/pages/__tests__/InterviewerDashboard.test.jsx"},{"assertionResults":[{"ancestorTitles":["InterviewsAdmin"],"fullName":"InterviewsAdmin renders interviews list","status":"failed","title":"renders interviews list","duration":2512.2058579999994,"failureMessages":["Error: Unable to find an element with the text: Clark Kent. This could be because the text is broken up by multiple elements. In this case, you can provide a function for your text matcher to make your matcher more flexible.\n\nIgnored nodes: comments, script, style\n\u001b[36m<body>\u001b[39m\n  \u001b[36m<div>\u001b[39m\n    \u001b[36m<div\u001b[39m\n      \u001b[33mclass\u001b[39m=\u001b[32m\"flex flex-col h-full overflow-hidden bg-white\"\u001b[39m\n    \u001b[36m>\u001b[39m\n      \u001b[36m<div\u001b[39m\n        \u001b[33mclass\u001b[39m=\u001b[32m\"min-h-[4rem] bg-white border-b border-slate-200 px-4 md:px-6 flex flex-wrap items-center justify-between shrink-0 sticky top-0 z-20 gap-4 py-3\"\u001b[39m\n      \u001b[36m>\u001b[39m\n        \u001b[36m<div\u001b[39m\n          \u001b[33mclass\u001b[39m=\u001b[32m\"flex items-center gap-3 md:gap-4\"\u001b[39m\n        \u001b[36m>\u001b[39m\n          \u001b[36m<button\u001b[39m\n            \u001b[33mclass\u001b[39m=\u001b[32m\"md:hidden p-2 -ml-2 text-slate-500 hover:bg-slate-100 rounded-lg transition\"\u001b[39m\n          \u001b[36m>\u001b[39m\n            \u001b[36m<svg\u001b[39m\n              \u001b[33mclass\u001b[39m=\u001b[32m\"lucide lucide-menu \"\u001b[39m\n              \u001b[33mfill\u001b[39m=\u001b[32m\"none\"\u001b[39m\n              \u001b[33mheight\u001b[39m=\u001b[32m\"20\"\u001b[39m\n              \u001b[33mstroke\u001b[39m=\u001b[32m\"currentColor\"\u001b[39m\n              \u001b[33mstroke-linecap\u001b[39m=\u001b[32m\"round\"\u001b[39m\n              \u001b[33mstroke-linejoin\u001b[39m=\u001b[32m\"round\"\u001b[39m\n              \u001b[33mstroke-width\u001b[39m=\u001b[32m\"2\"\u001b[39m\n              \u001b[33mviewBox\u001b[39m=\u001b[32m\"0 0 24 24\"\u001b[39m\n              \u001b[33mwidth\u001b[39m=\u001b[32m\"20\"\u001b[39m\n              \u001b[33mxmlns\u001b[39m=\u001b[32m\"http://www.w3.org/2000/svg\"\u001b[39m\n            \u001b[36m>\u001b[39m\n              \u001b[36m<line\u001b[39m\n                \u001b[33mx1\u001b[39m=\u001b[32m\"4\"\u001b[39m\n                \u001b[33mx2\u001b[39m=\u001b[32m\"20\"\u001b[39m\n                \u001b[33my1\u001b[39m=\u001b[32m\"12\"\u001b[39m\n                \u001b[33my2\u001b[39m=\u001b[32m\"12\"\u001b[39m\n              \u001b[36m/>\u001b[39m\n              \u001b[36m<line\u001b[39m\n                \u001b[33mx1\u001b[39m=\u001b[32m\"4\"\u001b[39m\n                \u001b[33mx2\u001b[39m=\u001b[32m\"20\"\u001b[39m\n                \u001b[33my1\u001b[39m=\u001b[32m\"6\"\u001b[39m\n                \u001b[33my2\u001b[39m=\u001b[32m\"6\"\u001b[39m\n              \u001b[36m/>\u001b[39m\n              \u001b[36m<line\u001b[39m\n                \u001b[33mx1\u001b[39m=\u001b[32m\"4\"\u001b[39m\n                \u001b[33mx2\u001b[39m=\u001b[32m\"20\"\u001b[39m\n                \u001b[33my1\u001b[39m=\u001b[32m\"18\"\u001b[39m\n                \u001b[33my2\u001b[39m=\u001b[32m\"18\"\u001b[39m\n              \u001b[36m/>\u001b[39m\n            \u001b[36m</svg>\u001b[39m\n          \u001b[36m</button>\u001b[39m\n          \u001b[36m<div>\u001b[39m\n            \u001b[36m<div\u001b[39m\n              \u001b[33mclass\u001b[39m=\u001b[32m\"text-lg font-bold text-slate-900 tracking-tight flex flex-wrap items-center gap-2\"\u001b[39m\n            \u001b[36m>\u001b[39m\n              \u001b[36m<svg\u001b[39m\n                \u001b[33mclass\u001b[39m=\u001b[32m\"lucide lucide-calendar text-indigo-600\"\u001b[39m\n                \u001b[33mfill\u001b[39m=\u001b[32m\"none\"\u001b[39m\n                \u001b[33mheight\u001b[39m=\u001b[32m\"20\"\u001b[39m\n                \u001b[33mstroke\u001b[39m=\u001b[32m\"currentColor\"\u001b[39m\n                \u001b[33mstroke-linecap\u001b[39m=\u001b[32m\"round\"\u001b[39m\n                \u001b[33mstroke-linejoin\u001b[39m=\u001b[32m\"round\"\u001b[39m\n                \u001b[33mstroke-width\u001b[39m=\u001b[32m\"2\"\u001b[39m\n                \u001b[33mviewBox\u001b[39m=\u001b[32m\"0 0 24 24\"\u001b[39m\n                \u001b[33mwidth\u001b[39m=\u001b[32m\"20\"\u001b[39m\n                \u001b[33mxmlns\u001b[39m=\u001b[32m\"http://www.w3.org/2000/svg\"\u001b[39m\n              \u001b[36m>\u001b[39m\n                \u001b[36m<rect\u001b[39m\n                  \u001b[33mheight\u001b[39m=\u001b[32m\"18\"\u001b[39m\n                  \u001b[33mrx\u001b[39m=\u001b[32m\"2\"\u001b[39m\n                  \u001b[33mry\u001b[39m=\u001b[32m\"2\"\u001b[39m\n                  \u001b[33mwidth\u001b[39m=\u001b[32m\"18\"\u001b[39m\n                  \u001b[33mx\u001b[39m=\u001b[32m\"3\"\u001b[39m\n                  \u001b[33my\u001b[39m=\u001b[32m\"4\"\u001b[39m\n                \u001b[36m/>\u001b[39m\n                \u001b[36m<line\u001b[39m\n                  \u001b[33mx1\u001b[39m=\u001b[32m\"16\"\u001b[39m\n                  \u001b[33mx2\u001b[39m=\u001b[32m\"16\"\u001b[39m\n                  \u001b[33my1\u001b[39m=\u001b[32m\"2\"\u001b[39m\n                  \u001b[33my2\u001b[39m=\u001b[32m\"6\"\u001b[39m\n                \u001b[36m/>\u001b[39m\n                \u001b[36m<line\u001b[39m\n                  \u001b[33mx1\u001b[39m=\u001b[32m\"8\"\u001b[39m\n                  \u001b[33mx2\u001b[39m=\u001b[32m\"8\"\u001b[39m\n                  \u001b[33my1\u001b[39m=\u001b[32m\"2\"\u001b[39m\n                  \u001b[33my2\u001b[39m=\u001b[32m\"6\"\u001b[39m\n                \u001b[36m/>\u001b[39m\n                \u001b[36m<line\u001b[39m\n                  \u001b[33mx1\u001b[39m=\u001b[32m\"3\"\u001b[39m\n                  \u001b[33mx2\u001b[39m=\u001b[32m\"21\"\u001b[39m\n                  \u001b[33my1\u001b[39m=\u001b[32m\"10\"\u001b[39m\n                  \u001b[33my2\u001b[39m=\u001b[32m\"10\"\u001b[39m\n                \u001b[36m/>\u001b[39m\n              \u001b[36m</svg>\u001b[39m\n              \u001b[0mMy Interviews\u001b[0m\n            \u001b[36m</div>\u001b[39m\n            \u001b[36m<p\u001b[39m\n              \u001b[33mclass\u001b[39m=\u001b[32m\"text-xs text-slate-500 hidden md:block\"\u001b[39m\n            \u001b[36m>\u001b[39m\n              \u001b[0mManage your assignments and team interviews\u001b[0m\n            \u001b[36m</p>\u001b[39m\n          \u001b[36m</div>\u001b[39m\n        \u001b[36m</div>\u001b[39m\n        \u001b[36m<div\u001b[39m\n          \u001b[33mclass\u001b[39m=\u001b[32m\"flex items-center gap-2 flex-wrap\"\u001b[39m\n        \u001b[36m>\u001b[39m\n          \u001b[36m<div\u001b[39m\n            \u001b[33mclass\u001b[39m=\u001b[32m\"flex bg-slate-100 p-1 rounded-lg\"\u001b[39m\n          \u001b[36m>\u001b[39m\n            \u001b[36m<button\u001b[39m\n              \u001b[33mclass\u001b[39m=\u001b[32m\"flex items-center gap-2 px-4 py-1.5 text-xs font-bold rounded-md transition bg-white text-indigo-600 shadow-sm\"\u001b[39m\n            \u001b[36m>\u001b[39m\n              \u001b[36m<svg\u001b[39m\n                \u001b[33mclass\u001b[39m=\u001b[32m\"lucide lucide-user \"\u001b[39m\n                \u001b[33mfill\u001b[39m=\u001b[32m\"none\"\u001b[39m\n                \u001b[33mheight\u001b[39m=\u001b[32m\"14\"\u001b[39m\n                \u001b[33mstroke\u001b[39m=\u001b[32m\"currentColor\"\u001b[39m\n                \u001b[33mstroke-linecap\u001b[39m=\u001b[32m\"round\"\u001b[39m\n                \u001b[33mstroke-linejoin\u001b[39m=\u001b[32m\"round\"\u001b[39m\n                \u001b[33mstroke-width\u001b[39m=\u001b[32m\"2\"\u001b[39m\n                \u001b[33mviewBox\u001b[39m=\u001b[32m\"0 0 24 24\"\u001b[39m\n                \u001b[33mwidth\u001b[39m=\u001b[32m\"14\"\u001b[39m\n                \u001b[33mxmlns\u001b[39m=\u001b[32m\"http://www.w3.org/2000/svg\"\u001b[39m\n              \u001b[36m>\u001b[39m\n                \u001b[36m<path\u001b[39m\n                  \u001b[33md\u001b[39m=\u001b[32m\"M19 21v-2a4 4 0 0 0-4-4H9a4 4 0 0 0-4 4v2\"\u001b[39m\n                \u001b[36m/>\u001b[39m\n                \u001b[36m<circle\u001b[39m\n                  \u001b[33mcx\u001b[39m=\u001b[32m\"12\"\u001b[39m\n                  \u001b[33mcy\u001b[39m=\u001b[32m\"7\"\u001b[39m\n                  \u001b[33mr\u001b[39m=\u001b[32m\"4\"\u001b[39m\n                \u001b[36m/>\u001b[39m\n              \u001b[36m</svg>\u001b[39m\n              \u001b[0m My Assignments\u001b[0m\n            \u001b[36m</button>\u001b[39m\n            \u001b[36m<button\u001b[39m\n              \u001b[33mclass\u001b[39m=\u001b[32m\"flex items-center gap-2 px-4 py-1.5 text-xs font-bold rounded-md transition text-slate-500 hover:text-slate-700\"\u001b[39m\n            \u001b[36m>\u001b[39m\n              \u001b[36m<svg\u001b[39m\n                \u001b[33mclass\u001b[39m=\u001b[32m\"lucide lucide-users \"\u001b[39m\n                \u001b[33mfill\u001b[39m=\u001b[32m\"none\"\u001b[39m\n                \u001b[33mheight\u001b[39m=\u001b[32m\"14\"\u001b[39m\n                \u001b[33mstroke\u001b[39m=\u001b[32m\"currentColor\"\u001b[39m\n                \u001b[33mstroke-linecap\u001b[39m=\u001b[32m\"round\"\u001b[39m\n                \u001b[33mstroke-linejoin\u001b[39m=\u001b[32m\"round\"\u001b[39m\n                \u001b[33mstroke-width\u001b[39m=\u001b[32m\"2\"\u001b[39m\n                \u001b[33mviewBox\u001b[39m=\u001b[32m\"0 0 24 24\"\u001b[39m\n                \u001b[33mwidth\u001b[39m=\u001b[32m\"14\"\u001b[39m\n                \u001b[33mxmlns\u001b[39m=\u001b[32m\"http://www.w3.org/2000/svg\"\u001b[39m\n              \u001b[36m>\u001b[39m\n                \u001b[36m<path\u001b[39m\n                  \u001b[33md\u001b[39m=\u001b[32m\"M16 21v-2a4 4 0 0 0-4-4H6a4 4 0 0 0-4 4v2\"\u001b[39m\n                \u001b[36m/>\u001b[39m\n                \u001b[36m<circle\u001b[39m\n                  \u001b[33mcx\u001b[39m=\u001b[32m\"9\"\u001b[39m\n                  \u001b[33mcy\u001b[39m=\u001b[32m\"7\"\u001b[39m\n                  \u001b[33mr\u001b[39m=\u001b[32m\"4\"\u001b[39m\n                \u001b[36m/>\u001b[39m\n                \u001b[36m<path\u001b[39m\n                  \u001b[3...\n    at Proxy.waitForWrapper (/app/node_modules/@testing-library/dom/dist/wait-for.js:163:27)\n    at /app/src/pages/__tests__/InterviewsAdmin.test.jsx:54:15\n    at file:///app/node_modules/@vitest/runner/dist/index.js:145:11\n    at file:///app/node_modules/@vitest/runner/dist/index.js:915:26\n    at file:///app/node_modules/@vitest/runner/dist/index.js:1240:20\n    at new Promise (<anonymous>)\n    at runWithTimeout (file:///app/node_modules/@vitest/runner/dist/index.js:1206:10)\n    at file:///app/node_modules/@vitest/runner/dist/index.js:1650:37\n    at Traces.$ (file:///app/node_modules/vitest/dist/chunks/traces.U4xDYhzZ.js:115:27)\n    at trace (file:///app/node_modules/vitest/dist/chunks/test.BT8LKgU9.js:239:21)"],"meta":{}},{"ancestorTitles":["InterviewsAdmin"],"fullName":"InterviewsAdmin filters interviews by status","status":"passed","title":"filters interviews by status","duration":4799.815788000002,"failureMessages":[],"meta":{}},{"ancestorTitles":["InterviewsAdmin"],"fullName":"InterviewsAdmin navigates to interview details on row click","status":"passed","title":"navigates to interview details on row click","duration":579.7740689999991,"failureMessages":[],"meta":{}},{"ancestorTitles":["InterviewsAdmin"],"fullName":"InterviewsAdmin renders empty state when no interviews","status":"passed","title":"renders empty state when no interviews","duration":507.74733600000036,"failureMessages":[],"meta":{}}],"startTime":1766754284672,"endTime":1766754293072.7473,"status":"failed","message":"","name":"/app/src/pages/__tests__/InterviewsAdmin.test.jsx"},{"assertionResults":[{"ancestorTitles":["Pipeline Integration"],"fullName":"Pipeline Integration renders General Pool title when no job selected","status":"passed","title":"renders General Pool title when no job selected","duration":714.5182569999997,"failureMessages":[],"meta":{}},{"ancestorTitles":["Pipeline Integration"],"fullName":"Pipeline Integration renders Job title when job selected","status":"passed","title":"renders Job title when job selected","duration":510.9285940000009,"failureMessages":[],"meta":{}},{"ancestorTitles":["Pipeline Integration"],"fullName":"Pipeline Integration filters candidates by search term","status":"passed","title":"filters candidates by search term","duration":310.791204000001,"failureMessages":[],"meta":{}},{"ancestorTitles":["Pipeline Integration"],"fullName":"Pipeline Integration filters by department in General Pool","status":"passed","title":"filters by department in General Pool","duration":1858.7334279999995,"failureMessages":[],"meta":{}},{"ancestorTitles":["Pipeline Integration"],"fullName":"Pipeline Integration handles bulk selection and deletion","status":"passed","title":"handles bulk selection and deletion","duration":613.5644319999992,"failureMessages":[],"meta":{}},{"ancestorTitles":["Pipeline Integration"],"fullName":"Pipeline Integration handles job status update","status":"passed","title":"handles job status update","duration":289.9702749999997,"failureMessages":[],"meta":{}},{"ancestorTitles":["Pipeline Integration"],"fullName":"Pipeline Integration shows loading spinner when loading","status":"passed","title":"shows loading spinner when loading","duration":212.69848400000046,"failureMessages":[],"meta":{}},{"ancestorTitles":["Pipeline Integration"],"fullName":"Pipeline Integration shows \"No candidates found\" when empty","status":"passed","title":"shows \"No candidates found\" when empty","duration":401.22684899999877,"failureMessages":[],"meta":{}},{"ancestorTitles":["Pipeline Integration"],"fullName":"Pipeline Integration opens upload modal when Add clicked in General Pool","status":"passed","title":"opens upload modal when Add clicked in General Pool","duration":593.5275140000012,"failureMessages":[],"meta":{}}],"startTime":1766754311664,"endTime":1766754317170.5276,"status":"passed","message":"","name":"/app/src/pages/__tests__/Pipeline.test.jsx"},{"assertionResults":[{"ancestorTitles":["Pipeline Status Change"],"fullName":"Pipeline Status Change updates status when moving candidate to a new column","status":"passed","title":"updates status when moving candidate to a new column","duration":1797.6869389999993,"failureMessages":[],"meta":{}}],"startTime":1766754343490,"endTime":1766754345287.687,"status":"passed","message":"","name":"/app/src/pages/__tests__/PipelineStatus.test.jsx"},{"assertionResults":[{"ancestorTitles":["Search Component"],"fullName":"Search Component renders search bar and suggestions","status":"passed","title":"renders search bar and suggestions","duration":790.4101329999994,"failureMessages":[],"meta":{}},{"ancestorTitles":["Search Component"],"fullName":"Search Component performs search and displays results","status":"passed","title":"performs search and displays results","duration":1712.5124539999997,"failureMessages":[],"meta":{}},{"ancestorTitles":["Search Component"],"fullName":"Search Component handles no results","status":"passed","title":"handles no results","duration":981.8327009999994,"failureMessages":[],"meta":{}},{"ancestorTitles":["Search Component"],"fullName":"Search Component opens profile drawer","status":"passed","title":"opens profile drawer","duration":1117.7736489999988,"failureMessages":[],"meta":{}}],"startTime":1766754325881,"endTime":1766754330483.7737,"status":"passed","message":"","name":"/app/src/pages/__tests__/Search.test.jsx"},{"assertionResults":[{"ancestorTitles":["Team Component"],"fullName":"Team Component renders users and stats for admin","status":"passed","title":"renders users and stats for admin","duration":2613.4430089999987,"failureMessages":[],"meta":{}},{"ancestorTitles":["Team Component"],"fullName":"Team Component filters users by search","status":"passed","title":"filters users by search","duration":1498.237197999999,"failureMessages":[],"meta":{}},{"ancestorTitles":["Team Component"],"fullName":"Team Component hides actions for non-admins","status":"passed","title":"hides actions for non-admins","duration":879.2319200000002,"failureMessages":[],"meta":{}},{"ancestorTitles":["Team Component"],"fullName":"Team Component allows admin to delete user","status":"passed","title":"allows admin to delete user","duration":1228.9237350000003,"failureMessages":[],"meta":{}},{"ancestorTitles":["Team Component"],"fullName":"Team Component allows admin to edit user role","status":"passed","title":"allows admin to edit user role","duration":1099.2948859999997,"failureMessages":[],"meta":{}},{"ancestorTitles":["Team Component"],"fullName":"Team Component allows admin to invite new user","status":"passed","title":"allows admin to invite new user","duration":695.738830000002,"failureMessages":[],"meta":{}}],"startTime":1766754305064,"endTime":1766754313083.7388,"status":"passed","message":"","name":"/app/src/pages/__tests__/Team.test.jsx"},{"assertionResults":[{"ancestorTitles":["GoogleSignInButton"],"fullName":"GoogleSignInButton renders correctly","status":"passed","title":"renders correctly","duration":1191.1334540000007,"failureMessages":[],"meta":{}},{"ancestorTitles":["GoogleSignInButton"],"fullName":"GoogleSignInButton redirects to correct URL on click","status":"passed","title":"redirects to correct URL on click","duration":625.458552,"failureMessages":[],"meta":{}}],"startTime":1766754349268,"endTime":1766754351084.4585,"status":"passed","message":"","name":"/app/src/components/auth/__tests__/GoogleSignInButton.test.jsx"},{"assertionResults":[{"ancestorTitles":["BulkAssignModal"],"fullName":"BulkAssignModal renders correctly with title and active jobs","status":"passed","title":"renders correctly with title and active jobs","duration":308.31226199999946,"failureMessages":[],"meta":{}},{"ancestorTitles":["BulkAssignModal"],"fullName":"BulkAssignModal calls performBulkAssign with job ID when a job is clicked","status":"passed","title":"calls performBulkAssign with job ID when a job is clicked","duration":278.53511400000025,"failureMessages":[],"meta":{}},{"ancestorTitles":["BulkAssignModal"],"fullName":"BulkAssignModal calls onClose when Cancel is clicked","status":"passed","title":"calls onClose when Cancel is clicked","duration":11.769035000001168,"failureMessages":[],"meta":{}},{"ancestorTitles":["BulkAssignModal"],"fullName":"BulkAssignModal handles empty jobs array gracefully","status":"passed","title":"handles empty jobs array gracefully","duration":10.888182000000597,"failureMessages":[],"meta":{}},{"ancestorTitles":["BulkAssignModal"],"fullName":"BulkAssignModal handles null jobs prop gracefully","status":"passed","title":"handles null jobs prop gracefully","duration":77.62024500000007,"failureMessages":[],"meta":{}},{"ancestorTitles":["BulkAssignModal"],"fullName":"BulkAssignModal renders correctly with no active jobs","status":"passed","title":"renders correctly with no active jobs","duration":14.667503000000579,"failureMessages":[],"meta":{}}],"startTime":1766754370075,"endTime":1766754370777.6675,"status":"passed","message":"","name":"/app/src/components/modals/__tests__/BulkAssignModal.test.jsx"},{"assertionResults":[{"ancestorTitles":["CreateJobModal"],"fullName":"CreateJobModal renders with initial data","status":"passed","title":"renders with initial data","duration":873.0730399999993,"failureMessages":[],"meta":{}},{"ancestorTitles":["CreateJobModal"],"fullName":"CreateJobModal shows analyzing state - opens streaming generator on Re-Analyze","status":"passed","title":"shows analyzing state - opens streaming generator on Re-Analyze","duration":1302.813571999999,"failureMessages":[],"meta":{}},{"ancestorTitles":["CreateJobModal"],"fullName":"CreateJobModal shows refreshing state - both buttons disabled during refresh","status":"passed","title":"shows refreshing state - both buttons disabled during refresh","duration":504.72562899999866,"failureMessages":[],"meta":{}}],"startTime":1766754339585,"endTime":1766754342265.7256,"status":"passed","message":"","name":"/app/src/components/modals/__tests__/CreateJobModal.test.jsx"},{"assertionResults":[{"ancestorTitles":["DepartmentModal AI Generation"],"fullName":"DepartmentModal AI Generation renders the Generate with AI button","status":"passed","title":"renders the Generate with AI button","duration":4004.671426000001,"failureMessages":[],"meta":{}},{"ancestorTitles":["DepartmentModal AI Generation"],"fullName":"DepartmentModal AI Generation disables AI button when name is empty","status":"passed","title":"disables AI button when name is empty","duration":2406.377629999999,"failureMessages":[],"meta":{}},{"ancestorTitles":["DepartmentModal AI Generation"],"fullName":"DepartmentModal AI Generation enables AI button when name is entered","status":"passed","title":"enables AI button when name is entered","duration":1992.8869259999992,"failureMessages":[],"meta":{}},{"ancestorTitles":["DepartmentModal AI Generation"],"fullName":"DepartmentModal AI Generation calls API and populates form on AI generation","status":"passed","title":"calls API and populates form on AI generation","duration":2596.1055129999986,"failureMessages":[],"meta":{}},{"ancestorTitles":["DepartmentModal AI Generation"],"fullName":"DepartmentModal AI Generation shows loading state during generation","status":"passed","title":"shows loading state during generation","duration":1513.1044790000014,"failureMessages":[],"meta":{}}],"startTime":1766754302471,"endTime":1766754314985.1045,"status":"passed","message":"","name":"/app/src/components/modals/__tests__/DepartmentModal.test.jsx"},{"assertionResults":[{"ancestorTitles":["UploadModal"],"fullName":"UploadModal renders correctly with title and options","status":"passed","title":"renders correctly with title and options","duration":486.01584,"failureMessages":[],"meta":{}},{"ancestorTitles":["UploadModal"],"fullName":"UploadModal calls performUpload with files and job ID when a job is clicked","status":"passed","title":"calls performUpload with files and job ID when a job is clicked","duration":108.03308199999992,"failureMessages":[],"meta":{}},{"ancestorTitles":["UploadModal"],"fullName":"UploadModal calls performUpload with files and null when General Pool is clicked","status":"passed","title":"calls performUpload with files and null when General Pool is clicked","duration":92.73360500000126,"failureMessages":[],"meta":{}},{"ancestorTitles":["UploadModal"],"fullName":"UploadModal calls onClose when Cancel is clicked","status":"passed","title":"calls onClose when Cancel is clicked","duration":9.885231000000203,"failureMessages":[],"meta":{}},{"ancestorTitles":["UploadModal"],"fullName":"UploadModal handles empty jobs array","status":"passed","title":"handles empty jobs array","duration":7.0212979999996605,"failureMessages":[],"meta":{}},{"ancestorTitles":["UploadModal"],"fullName":"UploadModal handles null jobs prop","status":"passed","title":"handles null jobs prop","duration":7.671348999998372,"failureMessages":[],"meta":{}}],"startTime":1766754364575,"endTime":1766754365286.6714,"status":"passed","message":"","name":"/app/src/components/modals/__tests__/UploadModal.test.jsx"},{"assertionResults":[{"ancestorTitles":["BulkActionBar"],"fullName":"BulkActionBar does not render when selectedIds is empty","status":"passed","title":"does not render when selectedIds is empty","duration":22.451844999999594,"failureMessages":[],"meta":{}},{"ancestorTitles":["BulkActionBar"],"fullName":"BulkActionBar renders correctly when items are selected","status":"passed","title":"renders correctly when items are selected","duration":377.39711799999895,"failureMessages":[],"meta":{}},{"ancestorTitles":["BulkActionBar"],"fullName":"BulkActionBar calls setShowBulkAssignModal when Assign button is clicked","status":"passed","title":"calls setShowBulkAssignModal when Assign button is clicked","duration":298.9355000000014,"failureMessages":[],"meta":{}},{"ancestorTitles":["BulkActionBar"],"fullName":"BulkActionBar calls performBulkReprocess when Reprocess button is clicked","status":"passed","title":"calls performBulkReprocess when Reprocess button is clicked","duration":110.64446399999906,"failureMessages":[],"meta":{}},{"ancestorTitles":["BulkActionBar"],"fullName":"BulkActionBar calls performBulkDelete when Delete button is clicked","status":"passed","title":"calls performBulkDelete when Delete button is clicked","duration":108.21105399999942,"failureMessages":[],"meta":{}},{"ancestorTitles":["BulkActionBar"],"fullName":"BulkActionBar calls clearSelection when X button is clicked","status":"passed","title":"calls clearSelection when X button is clicked","duration":90.032412999999,"failureMessages":[],"meta":{}},{"ancestorTitles":["BulkActionBar"],"fullName":"BulkActionBar updates count when selectedIds changes","status":"passed","title":"updates count when selectedIds changes","duration":104.50033099999928,"failureMessages":[],"meta":{}}],"startTime":1766754360267,"endTime":1766754361380.5002,"status":"passed","message":"","name":"/app/src/components/pipeline/__tests__/BulkActionBar.test.jsx"},{"assertionResults":[{"ancestorTitles":["CandidateCard"],"fullName":"CandidateCard renders candidate information correctly","status":"passed","title":"renders candidate information correctly","duration":1096.6726340000005,"failureMessages":[],"meta":{}},{"ancestorTitles":["CandidateCard"],"fullName":"CandidateCard calls onClick when card is clicked","status":"passed","title":"calls onClick when card is clicked","duration":313.0981589999992,"failureMessages":[],"meta":{}},{"ancestorTitles":["CandidateCard"],"fullName":"CandidateCard calls onDelete when trash icon is clicked","status":"passed","title":"calls onDelete when trash icon is clicked","duration":296.18656699999883,"failureMessages":[],"meta":{}},{"ancestorTitles":["CandidateCard"],"fullName":"CandidateCard calls onReprocess when rotate icon is clicked","status":"passed","title":"calls onReprocess when rotate icon is clicked","duration":108.28754099999969,"failureMessages":[],"meta":{}},{"ancestorTitles":["CandidateCard"],"fullName":"CandidateCard renders selection checkbox when selectable is true","status":"passed","title":"renders selection checkbox when selectable is true","duration":99.21469199999956,"failureMessages":[],"meta":{}},{"ancestorTitles":["CandidateCard"],"fullName":"CandidateCard calls onSelect when checkbox is clicked","status":"passed","title":"calls onSelect when checkbox is clicked","duration":95.97306899999967,"failureMessages":[],"meta":{}},{"ancestorTitles":["CandidateCard"],"fullName":"CandidateCard shows loading spinner when not parsed","status":"passed","title":"shows loading spinner when not parsed","duration":95.43685900000128,"failureMessages":[],"meta":{}},{"ancestorTitles":["CandidateCard"],"fullName":"CandidateCard renders download link with correct token","status":"passed","title":"renders download link with correct token","duration":86.66042000000016,"failureMessages":[],"meta":{}}],"startTime":1766754352867,"endTime":1766754355059.6604,"status":"passed","message":"","name":"/app/src/components/pipeline/__tests__/CandidateCard.test.jsx"},{"assertionResults":[{"ancestorTitles":["CandidateDrawer"],"fullName":"CandidateDrawer renders candidate name and job title","status":"passed","title":"renders candidate name and job title","duration":1695.608881,"failureMessages":[],"meta":{}},{"ancestorTitles":["CandidateDrawer"],"fullName":"CandidateDrawer switches between sidebar tabs","status":"passed","title":"switches between sidebar tabs","duration":6212.003224,"failureMessages":[],"meta":{}},{"ancestorTitles":["CandidateDrawer"],"fullName":"CandidateDrawer fetches timeline data when component mounts with an application","status":"passed","title":"fetches timeline data when component mounts with an application","duration":495.03599600000234,"failureMessages":[],"meta":{}},{"ancestorTitles":["CandidateDrawer"],"fullName":"CandidateDrawer displays activity items after switching to activity tab","status":"passed","title":"displays activity items after switching to activity tab","duration":2606.0099139999984,"failureMessages":[],"meta":{}}],"startTime":1766754284669,"endTime":1766754295678.01,"status":"passed","message":"","name":"/app/src/components/pipeline/__tests__/CandidateDrawer.test.jsx"},{"assertionResults":[{"ancestorTitles":["PipelineBoard"],"fullName":"PipelineBoard renders all columns","status":"passed","title":"renders all columns","duration":500.9868060000008,"failureMessages":[],"meta":{}},{"ancestorTitles":["PipelineBoard"],"fullName":"PipelineBoard renders candidates in correct columns","status":"passed","title":"renders candidates in correct columns","duration":117.6696979999997,"failureMessages":[],"meta":{}},{"ancestorTitles":["PipelineBoard"],"fullName":"PipelineBoard calls onSelectCv when card clicked","status":"passed","title":"calls onSelectCv when card clicked","duration":185.19795300000078,"failureMessages":[],"meta":{}},{"ancestorTitles":["PipelineBoard"],"fullName":"PipelineBoard calls onDrop when dropping on column","status":"passed","title":"calls onDrop when dropping on column","duration":10.154603999999381,"failureMessages":[],"meta":{}},{"ancestorTitles":["PipelineBoard"],"fullName":"PipelineBoard calls onDragStart when dragging card","status":"passed","title":"calls onDragStart when dragging card","duration":9.286626999999498,"failureMessages":[],"meta":{}}],"startTime":1766754369861,"endTime":1766754370685.2866,"status":"passed","message":"","name":"/app/src/components/pipeline/__tests__/PipelineBoard.test.jsx"},{"assertionResults":[{"ancestorTitles":["PipelineHeader"],"fullName":"PipelineHeader renders General Pool title when no job selected","status":"passed","title":"renders General Pool title when no job selected","duration":330.49330700000064,"failureMessages":[],"meta":{}},{"ancestorTitles":["PipelineHeader"],"fullName":"PipelineHeader renders Job title and department when job selected","status":"passed","title":"renders Job title and department when job selected","duration":237.1864000000005,"failureMessages":[],"meta":{}},{"ancestorTitles":["PipelineHeader"],"fullName":"PipelineHeader renders Archived badge when job is inactive","status":"passed","title":"renders Archived badge when job is inactive","duration":418.17111300000033,"failureMessages":[],"meta":{}},{"ancestorTitles":["PipelineHeader"],"fullName":"PipelineHeader calls setSearchTerm when search input changes","status":"passed","title":"calls setSearchTerm when search input changes","duration":150.12341699999888,"failureMessages":[],"meta":{}},{"ancestorTitles":["PipelineHeader"],"fullName":"PipelineHeader calls setSortBy when sort dropdown changes","status":"passed","title":"calls setSortBy when sort dropdown changes","duration":1012.2682640000003,"failureMessages":[],"meta":{}},{"ancestorTitles":["PipelineHeader"],"fullName":"PipelineHeader toggles view mode when buttons clicked","status":"passed","title":"toggles view mode when buttons clicked","duration":182.59680300000036,"failureMessages":[],"meta":{}},{"ancestorTitles":["PipelineHeader"],"fullName":"PipelineHeader calls handleToggleArchive when status changes","status":"passed","title":"calls handleToggleArchive when status changes","duration":13.12229699999989,"failureMessages":[],"meta":{}},{"ancestorTitles":["PipelineHeader"],"fullName":"PipelineHeader calls onEditJob when edit button clicked (admin)","status":"passed","title":"calls onEditJob when edit button clicked (admin)","duration":90.46137200000157,"failureMessages":[],"meta":{}},{"ancestorTitles":["PipelineHeader"],"fullName":"PipelineHeader does not show edit button for standard user","status":"passed","title":"does not show edit button for standard user","duration":109.72180099999969,"failureMessages":[],"meta":{}},{"ancestorTitles":["PipelineHeader"],"fullName":"PipelineHeader handles file upload for general pool","status":"passed","title":"handles file upload for general pool","duration":130.41400799999974,"failureMessages":[],"meta":{}},{"ancestorTitles":["PipelineHeader"],"fullName":"PipelineHeader handles file upload selection","status":"passed","title":"handles file upload selection","duration":101.91634499999964,"failureMessages":[],"meta":{}},{"ancestorTitles":["PipelineHeader"],"fullName":"PipelineHeader handles file upload for specific job","status":"passed","title":"handles file upload for specific job","duration":23.210886000000755,"failureMessages":[],"meta":{}}],"startTime":1766754337182,"endTime":1766754340083.211,"status":"passed","message":"","name":"/app/src/components/pipeline/__tests__/PipelineHeader.test.jsx"},{"assertionResults":[{"ancestorTitles":["CalendarSettings"],"fullName":"CalendarSettings renders connect buttons when no connection","status":"passed","title":"renders connect buttons when no connection","duration":2019.3706459999994,"failureMessages":[],"meta":{}},{"ancestorTitles":["CalendarSettings"],"fullName":"CalendarSettings renders connected state correctly for Google","status":"passed","title":"renders connected state correctly for Google","duration":678.1462840000004,"failureMessages":[],"meta":{}},{"ancestorTitles":["CalendarSettings"],"fullName":"CalendarSettings handles google connect click","status":"passed","title":"handles google connect click","duration":197.04857100000117,"failureMessages":[],"meta":{}},{"ancestorTitles":["CalendarSettings"],"fullName":"CalendarSettings handles microsoft connect click","status":"passed","title":"handles microsoft connect click","duration":503.40293399999973,"failureMessages":[],"meta":{}},{"ancestorTitles":["CalendarSettings"],"fullName":"CalendarSettings handles disconnect click","status":"passed","title":"handles disconnect click","duration":401.3476389999996,"failureMessages":[],"meta":{}}],"startTime":1766754328067,"endTime":1766754331867.3477,"status":"passed","message":"","name":"/app/src/components/settings/__tests__/CalendarSettings.test.jsx"},{"assertionResults":[{"ancestorTitles":["UploadProgressWidget"],"fullName":"UploadProgressWidget returns null when uploading is false","status":"passed","title":"returns null when uploading is false","duration":107.96835800000008,"failureMessages":[],"meta":{}},{"ancestorTitles":["UploadProgressWidget"],"fullName":"UploadProgressWidget renders widget with uploading status","status":"passed","title":"renders widget with uploading status","duration":498.15113500000007,"failureMessages":[],"meta":{}},{"ancestorTitles":["UploadProgressWidget"],"fullName":"UploadProgressWidget renders widget with processing status","status":"passed","title":"renders widget with processing status","duration":284.4690470000005,"failureMessages":[],"meta":{}},{"ancestorTitles":["UploadProgressWidget"],"fullName":"UploadProgressWidget renders widget with complete status","status":"passed","title":"renders widget with complete status","duration":114.45037000000048,"failureMessages":[],"meta":{}},{"ancestorTitles":["UploadProgressWidget"],"fullName":"UploadProgressWidget renders widget with error status","status":"passed","title":"renders widget with error status","duration":121.26340299999902,"failureMessages":[],"meta":{}},{"ancestorTitles":["UploadProgressWidget"],"fullName":"UploadProgressWidget calls closeWidget when close button is clicked","status":"passed","title":"calls closeWidget when close button is clicked","duration":79.85197200000039,"failureMessages":[],"meta":{}},{"ancestorTitles":["UploadProgressWidget"],"fullName":"UploadProgressWidget shows warning message during uploading","status":"passed","title":"shows warning message during uploading","duration":85.11173299999973,"failureMessages":[],"meta":{}},{"ancestorTitles":["UploadProgressWidget"],"fullName":"UploadProgressWidget shows warning message during processing","status":"passed","title":"shows warning message during processing","duration":106.35135100000116,"failureMessages":[],"meta":{}},{"ancestorTitles":["UploadProgressWidget"],"fullName":"UploadProgressWidget shows progress bar during uploading","status":"passed","title":"shows progress bar during uploading","duration":15.785624000000098,"failureMessages":[],"meta":{}},{"ancestorTitles":["UploadProgressWidget"],"fullName":"UploadProgressWidget hides progress bar when complete","status":"passed","title":"hides progress bar when complete","duration":384.4287029999996,"failureMessages":[],"meta":{}},{"ancestorTitles":["UploadProgressWidget"],"fullName":"UploadProgressWidget displays correct file count","status":"passed","title":"displays correct file count","duration":197.3028209999993,"failureMessages":[],"meta":{}}],"startTime":1766754359168,"endTime":1766754361165.3027,"status":"passed","message":"","name":"/app/src/components/ui/__tests__/UploadProgressWidget.test.jsx"}]}